#
# A fatal error has been detected by the Java Runtime Environment:
#
#  Internal Error (jvmciRuntime.cpp:1609), pid=92, tid=150
#  fatal error: Fatal exception in JVMCI: Error calling jdk.vm.ci.services.Services.serializeSavedProperties
#
# JRE version: OpenJDK Runtime Environment GraalVM CE 22.3.0 (17.0.5+8) (build 17.0.5+8-jvmci-22.3-b08)
# Java VM: OpenJDK 64-Bit Server VM GraalVM CE 22.3.0 (17.0.5+8-jvmci-22.3-b08, mixed mode, sharing, tiered, jvmci, jvmci compiler, compressed oops, compressed class ptrs, parallel gc, linux-amd64)
# Problematic frame:
# V  [libjvm.so+0x972714]  JVMCIRuntime::fatal_exception(JVMCIEnv*, char const*)+0x74
#
# Core dump will be written. Default location: Core dumps may be processed with "/usr/share/apport/apport -p%p -s%s -c%c -d%d -P%P -u%u -g%g -- %E" (or dumping to /home/runner/CostlyBurlywoodMozbot/core.92)
#
# If you would like to submit a bug report, please visit:
#   https://github.com/oracle/graal/issues
#

---------------  S U M M A R Y ------------

Command Line: -XX:ThreadPriorityPolicy=1 -XX:+UnlockExperimentalVMOptions -XX:+EnableJVMCIProduct -XX:JVMCIThreadsPerNativeLibraryRuntime=1 -XX:-UnlockExperimentalVMOptions -Declipse.application=org.eclipse.jdt.ls.core.id1 -Dosgi.bundles.defaultStartLevel=4 -Declipse.product=org.eclipse.jdt.ls.core.product -Dlog.level=ALL -Xverify:none -XX:+UseParallelGC -XX:GCTimeRatio=4 -XX:AdaptiveSizePolicyWeight=90 -Dsun.zip.disableMemoryMapping=true -Xmx512m -Xms100m /nix/store/q9712qvwdh22a4krw4jz2sjrz07mvjbl-jdt-language-server-1.9.0/share/java/plugins/org.eclipse.equinox.launcher_1.6.400.v20210924-0641.jar --add-modules=ALL-SYSTEM --add-opens java.base/java.util=ALL-UNNAMED --add-opens java.base/java.lang=ALL-UNNAMED -configuration /home/runner/CostlyBurlywoodMozbot/.cache/jdt-language-server/config -data /home/runner/.cache/jdt-language-server/data/home/runner/CostlyBurlywoodMozbot

Host: Intel(R) Xeon(R) CPU @ 2.20GHz, 8 cores, 1G, Ubuntu 20.04.2 LTS
Time: Thu Feb 22 06:21:07 2024 UTC elapsed time: 1709.640992 seconds (0d 0h 28m 29s)

---------------  T H R E A D  ---------------

Current thread (0x00007fc5cc0b1cb0):  JavaThread "JVMCI-native CompilerThread0" daemon [_thread_in_vm, id=150, stack(0x00007fc5d061a000,0x00007fc5d081a000)]


Current CompileTask:
JVMCI-native:1709641 10823       4       java.lang.Thread::interrupted (23 bytes)

Stack: [0x00007fc5d061a000,0x00007fc5d081a000],  sp=0x00007fc5d0818380,  free space=2040k
Native frames: (J=compiled Java code, j=interpreted, Vv=VM code, C=native code)
V  [libjvm.so+0x972714]  JVMCIRuntime::fatal_exception(JVMCIEnv*, char const*)+0x74
V  [libjvm.so+0x93e2fe]  JVMCIEnv::copy_saved_properties()+0x14e
V  [libjvm.so+0x9732a9]  JVMCIRuntime::initialize(JVMCIEnv*)+0xb19
V  [libjvm.so+0x9738a2]  JVMCIRuntime::get_HotSpotJVMCIRuntime(JVMCIEnv*)+0x12
V  [libjvm.so+0x9749f2]  JVMCIRuntime::compile_method(JVMCIEnv*, JVMCICompiler*, methodHandle const&, int)+0xd2
V  [libjvm.so+0x5b0d20]  CompileBroker::invoke_compiler_on_method(CompileTask*)+0x1470
V  [libjvm.so+0x5b12e8]  CompileBroker::compiler_thread_loop()+0x528
V  [libjvm.so+0xd82460]  JavaThread::thread_main_inner()+0xd0
V  [libjvm.so+0xd85a40]  Thread::call_run()+0xc0
V  [libjvm.so+0xbdb1e1]  thread_native_entry(Thread*)+0xe1

Register to memory mapping:

RAX=0x00007fc5d377a000 points into unknown readable memory: 0x0000000000000058 | 58 00 00 00 00 00 00 00
RBX=0x00007fc5d4875398: <offset 0x0000000000ef5398> in /nix/store/gpxl5qgg8kicmcvivwmybwjlpf7wh20l-graalvm17-ce-22.3.0/lib/server/libjvm.so at 0x00007fc5d3980000
RCX=0x00007fc5d482d1e8: <offset 0x0000000000ead1e8> in /nix/store/gpxl5qgg8kicmcvivwmybwjlpf7wh20l-graalvm17-ce-22.3.0/lib/server/libjvm.so at 0x00007fc5d3980000
RDX=0x0000000000000649 is an unknown value
RSP=0x00007fc5d0818380 is pointing into the stack for thread: 0x00007fc5cc0b1cb0
RBP=0x00007fc5d08183a0 is pointing into the stack for thread: 0x00007fc5cc0b1cb0
RSI=0x00007fc5d4875c48: <offset 0x0000000000ef5c48> in /nix/store/gpxl5qgg8kicmcvivwmybwjlpf7wh20l-graalvm17-ce-22.3.0/lib/server/libjvm.so at 0x00007fc5d3980000
RDI=0x00000000e0000000 is an oop: java.lang.String 
{0x00000000e0000000} - klass: 'java/lang/String'
 - string: "bjqUeZgE05wrvYwTxxW8aSddiBXLyz5qsxS9OC+ap0g="
R8 =0x00007fc5d4875398: <offset 0x0000000000ef5398> in /nix/store/gpxl5qgg8kicmcvivwmybwjlpf7wh20l-graalvm17-ce-22.3.0/lib/server/libjvm.so at 0x00007fc5d3980000
R9 =0x00007fc5d0818330 is pointing into the stack for thread: 0x00007fc5cc0b1cb0
R10=0x00007fc5d0819948 is pointing into the stack for thread: 0x00007fc5cc0b1cb0
R11=0x0000000000000293 is an unknown value
R12=0x0 is NULL
R13=0x00007fc5cc0b1cb0 is a thread
R14=0x00007fc5cc000b80 points into unknown readable memory: 0x00007fc5d4aa6a38 | 38 6a aa d4 c5 7f 00 00
R15=0x00007fc5d4bb4e40: <offset 0x0000000001234e40> in /nix/store/gpxl5qgg8kicmcvivwmybwjlpf7wh20l-graalvm17-ce-22.3.0/lib/server/libjvm.so at 0x00007fc5d3980000


Registers:
RAX=0x00007fc5d377a000, RBX=0x00007fc5d4875398, RCX=0x00007fc5d482d1e8, RDX=0x0000000000000649
RSP=0x00007fc5d0818380, RBP=0x00007fc5d08183a0, RSI=0x00007fc5d4875c48, RDI=0x00000000e0000000
R8 =0x00007fc5d4875398, R9 =0x00007fc5d0818330, R10=0x00007fc5d0819948, R11=0x0000000000000293
R12=0x0000000000000000, R13=0x00007fc5cc0b1cb0, R14=0x00007fc5cc000b80, R15=0x00007fc5d4bb4e40
RIP=0x00007fc5d42f2714, EFLAGS=0x0000000000010206, CSGSFS=0x002b000000000033, ERR=0x0000000000000006
  TRAPNO=0x000000000000000e

Top of Stack: (sp=0x00007fc5d0818380)
0x00007fc5d0818380:   00007fc5d0818940 00007fc5cc0b1cb0
0x00007fc5d0818390:   00007fc5d210b8c8 0000000800c417a0
0x00007fc5d08183a0:   00007fc5d0818500 00007fc5d42be2fe
0x00007fc5d08183b0:   00007fc5d08183e0 00007fc5d0818440 

Instructions: (pc=0x00007fc5d42f2714)
0x00007fc5d42f2614:   30 e8 f6 cf e8 ff 4c 89 e7 e8 2e 48 d1 ff 84 db
0x00007fc5d42f2624:   75 2a 4d 85 ed 74 04 4d 8b 6d 00 48 83 c4 08 44
0x00007fc5d42f2634:   89 f9 4c 89 f2 4c 89 ee 5b 4c 89 e7 41 5c 41 5d
0x00007fc5d42f2644:   41 5e 41 5f 5d e9 e2 47 d1 ff 66 90 48 83 c4 08
0x00007fc5d42f2654:   5b 41 5c 41 5d 41 5e 41 5f 5d c3 90 31 d2 be 08
0x00007fc5d42f2664:   00 00 00 4c 89 ff e8 b1 78 a3 ff 49 89 c5 e9 37
0x00007fc5d42f2674:   ff ff ff 66 0f 1f 84 00 00 00 00 00 48 8b 7a 08
0x00007fc5d42f2684:   e9 6d ff ff ff 0f 1f 80 00 00 00 00 e8 5b 48 0a
0x00007fc5d42f2694:   00 84 c0 75 89 e9 6a ff ff ff 66 90 55 48 89 e5
0x00007fc5d42f26a4:   41 56 41 55 41 54 49 89 fc 53 48 89 f3 66 48 8d
0x00007fc5d42f26b4:   3d 27 5e 85 00 66 66 48 e8 df 43 8d ff 4c 8b 28
0x00007fc5d42f26c4:   8b 05 be 72 8a 00 85 c0 75 14 ba 01 00 00 00 48
0x00007fc5d42f26d4:   8d 0d ae 72 8a 00 f0 0f b1 11 85 c0 74 4e be c8
0x00007fc5d42f26e4:   00 00 00 4c 89 ef e8 01 0b 41 00 48 8d 05 12 ac
0x00007fc5d42f26f4:   85 00 49 89 d8 48 8d 0d e8 aa 53 00 ba 49 06 00
0x00007fc5d42f2704:   00 48 8d 35 3c 35 58 00 bf 00 00 00 e0 48 8b 00
0x00007fc5d42f2714:   c6 00 58 31 c0 e8 e2 91 c6 ff 5b 41 5c 41 5d 41
0x00007fc5d42f2724:   5e 5d e9 55 34 26 00 0f 1f 44 00 00 48 8d 05 81
0x00007fc5d42f2734:   a3 8b 00 48 89 df 4c 8b 30 e8 9e 43 8d ff 48 89
0x00007fc5d42f2744:   de 48 89 c2 49 8b 06 4c 89 f7 ff 50 08 4c 89 f7
0x00007fc5d42f2754:   e8 a7 5c 27 00 4d 85 e4 74 12 be 01 00 00 00 4c
0x00007fc5d42f2764:   89 e7 e8 35 43 fc ff eb 82 0f 1f 00 be 01 00 00
0x00007fc5d42f2774:   00 4c 89 ef e8 d3 fd ff ff e9 6d ff ff ff 66 66
0x00007fc5d42f2784:   2e 0f 1f 84 00 00 00 00 00 0f 1f 00 55 48 89 e5
0x00007fc5d42f2794:   41 57 41 56 41 55 41 54 53 48 81 ec 08 02 00 00
0x00007fc5d42f27a4:   64 48 8b 04 25 28 00 00 00 48 89 45 c8 8b 07 83
0x00007fc5d42f27b4:   f8 02 0f 84 11 04 00 00 4c 8b 6f 18 49 89 ff 49
0x00007fc5d42f27c4:   89 f4 4d 85 ed 74 14 4c 89 ef e8 5d 57 22 00 41
0x00007fc5d42f27d4:   8b 07 83 f8 02 0f 84 19 04 00 00 48 8d 1d 9a 06
0x00007fc5d42f27e4:   8a 00 4c 8d 35 0b 3c 58 00 eb 38 90 48 85 d2 7f
0x00007fc5d42f27f4:   0d 48 8d 05 b4 c0 85 00 48 83 38 00 7e 0e 41 8b
0x00007fc5d42f2804:   77 2c 4c 89 f7 31 c0 e8 a0 b2 f7 ff 49 8b 7f 18 


Stack slot to memory mapping:
stack at sp + 0 slots: 0x00007fc5d0818940 is pointing into the stack for thread: 0x00007fc5cc0b1cb0
stack at sp + 1 slots: 0x00007fc5cc0b1cb0 is a thread
stack at sp + 2 slots: 0x00007fc5d210b8c8 points into unknown readable memory: 0x65730018052dffff | ff ff 2d 05 18 00 73 65
stack at sp + 3 slots: 0x0000000800c417a0 is a pointer to class: 
jdk.vm.ci.services.Services {0x0000000800c417a0}
 - instance size:     2
 - klass size:        65
 - access:            public final synchronized 
 - state:             fully_initialized
 - name:              'jdk/vm/ci/services/Services'
 - super:             'java/lang/Object'
 - sub:               
 - arrays:            NULL
 - methods:           Array<T>(0x00007fc5d1040e50)
 - method ordering:   Array<T>(0x0000000800928960)
 - default_methods:   Array<T>(0x0000000000000000)
 - local interfaces:  Array<T>(0x00000008005ce810)
 - trans. interfaces: Array<T>(0x00000008005ce810)
 - constants:         constant pool [427] {0x00007fc5d103fef8} for 'jdk/vm/ci/services/Services' cache=0x00007fc5d10422b0
 - class loader data:  loader data: 0x00007fc5cc027d30 of 'bootstrap'
 - source file:       'Services.java'
 - class annotations:       Array<T>(0x0000000000000000)
 - class type annotations:  Array<T>(0x0000000000000000)
 - field annotations:       Array<T>(0x0000000000000000)
 - field type annotations:  Array<T>(0x0000000000000000)
 - inner classes:     Array<T>(0x00007fc5d10420f0)
 - nest members:     Array<T>(0x00007fc5d1042110)
 - permitted subclasses:     Array<T>(0x00000008005ce7a0)
 - java mirror:       a 'java/lang/Class'{0x00000000e021c940} = 'jdk/vm/ci/services/Services'
 - vtable length      5  (start addr: 0x0000000800c41970)
 - itable length      2 (start addr: 0x0000000800c41998)
 - ---- static fields (3 words):
 - public static final 'IS_BUILDING_NATIVE_IMAGE' 'Z' @128 
 - public static final 'IS_IN_NATIVE_IMAGE' 'Z' @129 
 - private static volatile 'savedProperties' 'Ljava/util/Map;' @112 
 - static final 'JVMCI_ENABLED' 'Z' @130 
 - private static final 'servicesCache' 'Ljava/util/Map;' @116 
 - private static final 'MAX_UNICODE_IN_UTF8_LENGTH' 'I' @120 
 - private static final 'MAX_UTF8_PROPERTY_STRING_LENGTH' 'I' @124 
 - ---- non-static fields (0 words):
 - non-static oop maps: 
stack at sp + 4 slots: 0x00007fc5d0818500 is pointing into the stack for thread: 0x00007fc5cc0b1cb0
stack at sp + 5 slots: 0x00007fc5d42be2fe: <offset 0x000000000093e2fe> in /nix/store/gpxl5qgg8kicmcvivwmybwjlpf7wh20l-graalvm17-ce-22.3.0/lib/server/libjvm.so at 0x00007fc5d3980000
stack at sp + 6 slots: 0x00007fc5d08183e0 is pointing into the stack for thread: 0x00007fc5cc0b1cb0
stack at sp + 7 slots: 0x00007fc5d0818440 is pointing into the stack for thread: 0x00007fc5cc0b1cb0


---------------  P R O C E S S  ---------------

Threads class SMR info:
_java_thread_list=0x00007fc5740aa680, length=23, elements={
0x00007fc5cc025fd0, 0x00007fc5cc0a5f70, 0x00007fc5cc0a73b0, 0x00007fc5cc0adb20,
0x00007fc5cc0aeed0, 0x00007fc5cc0b02c0, 0x00007fc5cc0b1cb0, 0x00007fc5cc0b31c0,
0x00007fc5cc0b4610, 0x00007fc5cc0d7940, 0x00007fc5cc120fb0, 0x00007fc5cc30f210,
0x00007fc5cc331ae0, 0x00007fc570022330, 0x00007fc5cc369ef0, 0x00007fc56802ea50,
0x00007fc5683ed0c0, 0x00007fc56844d0f0, 0x00007fc568656d00, 0x00007fc568803a00,
0x00007fc5cc3a16e0, 0x00007fc5cc4346b0, 0x00007fc55814e6f0
}

Java Threads: ( => current thread )
  0x00007fc5cc025fd0 JavaThread "main" [_thread_blocked, id=141, stack(0x00007fc5d379b000,0x00007fc5d389b000)]
  0x00007fc5cc0a5f70 JavaThread "Reference Handler" daemon [_thread_blocked, id=145, stack(0x00007fc5d0f00000,0x00007fc5d1000000)]
  0x00007fc5cc0a73b0 JavaThread "Finalizer" daemon [_thread_blocked, id=146, stack(0x00007fc5d0e00000,0x00007fc5d0f00000)]
  0x00007fc5cc0adb20 JavaThread "Signal Dispatcher" daemon [_thread_blocked, id=147, stack(0x00007fc5d0a1a000,0x00007fc5d0b1a000)]
  0x00007fc5cc0aeed0 JavaThread "Service Thread" daemon [_thread_blocked, id=148, stack(0x00007fc5d091a000,0x00007fc5d0a1a000)]
  0x00007fc5cc0b02c0 JavaThread "Monitor Deflation Thread" daemon [_thread_blocked, id=149, stack(0x00007fc5d081a000,0x00007fc5d091a000)]
=>0x00007fc5cc0b1cb0 JavaThread "JVMCI-native CompilerThread0" daemon [_thread_in_vm, id=150, stack(0x00007fc5d061a000,0x00007fc5d081a000)]
  0x00007fc5cc0b31c0 JavaThread "C1 CompilerThread0" daemon [_thread_blocked, id=151, stack(0x00007fc5d041a000,0x00007fc5d061a000)]
  0x00007fc5cc0b4610 JavaThread "Sweeper thread" daemon [_thread_blocked, id=152, stack(0x00007fc5d031a000,0x00007fc5d041a000)]
  0x00007fc5cc0d7940 JavaThread "Common-Cleaner" daemon [_thread_blocked, id=155, stack(0x00007fc5d021a000,0x00007fc5d031a000)]
  0x00007fc5cc120fb0 JavaThread "Notification Thread" daemon [_thread_blocked, id=157, stack(0x00007fc5d011a000,0x00007fc5d021a000)]
  0x00007fc5cc30f210 JavaThread "Active Thread: Equinox Container: 1af2a0e2-c4e2-4858-8fcb-600cb27393e2" [_thread_blocked, id=168, stack(0x00007fc5b33b3000,0x00007fc5b34b3000)]
  0x00007fc5cc331ae0 JavaThread "Refresh Thread: Equinox Container: 1af2a0e2-c4e2-4858-8fcb-600cb27393e2" daemon [_thread_blocked, id=175, stack(0x00007fc5b0f00000,0x00007fc5b1000000)]
  0x00007fc570022330 JavaThread "Framework Event Dispatcher: Equinox Container: 1af2a0e2-c4e2-4858-8fcb-600cb27393e2" daemon [_thread_blocked, id=176, stack(0x00007fc5b0d00000,0x00007fc5b0e00000)]
  0x00007fc5cc369ef0 JavaThread "Start Level: Equinox Container: 1af2a0e2-c4e2-4858-8fcb-600cb27393e2" daemon [_thread_blocked, id=177, stack(0x00007fc5b0b00000,0x00007fc5b0c00000)]
  0x00007fc56802ea50 JavaThread "SCR Component Actor" daemon [_thread_blocked, id=178, stack(0x00007fc5b0900000,0x00007fc5b0a00000)]
  0x00007fc5683ed0c0 JavaThread "Worker-JM" [_thread_blocked, id=186, stack(0x00007fc5b0500000,0x00007fc5b0600000)]
  0x00007fc56844d0f0 JavaThread "Worker-0" [_thread_blocked, id=187, stack(0x00007fc5b0300000,0x00007fc5b0400000)]
  0x00007fc568656d00 JavaThread "Java indexing" daemon [_thread_blocked, id=189, stack(0x00007fc57ad00000,0x00007fc57ae00000)]
  0x00007fc568803a00 JavaThread "Bundle File Closer" daemon [_thread_blocked, id=196, stack(0x00007fc57ab00000,0x00007fc57ac00000)]
  0x00007fc5cc3a16e0 JavaThread "pool-3-thread-1" [_thread_blocked, id=197, stack(0x00007fc57a900000,0x00007fc57aa00000)]
  0x00007fc5cc4346b0 JavaThread "pool-2-thread-1" [_thread_blocked, id=203, stack(0x00007fc5b0700000,0x00007fc5b0800000)]
  0x00007fc55814e6f0 JavaThread "Thread-67" [_thread_blocked, id=2210, stack(0x00007fc57a500000,0x00007fc57a600000)]

Other Threads:
  0x00007fc5cc0a16b0 VMThread "VM Thread" [stack: 0x00007fc5d18b4000,0x00007fc5d19b4000] [id=144] _threads_hazard_ptr=0x00007fc5740aa680
  0x00007fc5cc122950 WatcherThread [stack: 0x00007fc5d001a000,0x00007fc5d011a000] [id=158]
  0x00007fc5cc03d8d0 GCTaskThread "GC Thread#0" [stack: 0x00007fc5d335e000,0x00007fc5d345e000] [id=143]

Threads with active compile tasks:
JVMCI-native CompilerThread0  1709687 10823       4       java.lang.Thread::interrupted (23 bytes)

VM state: synchronizing (normal execution)

VM Mutex/Monitor currently owned by a thread:  ([mutex/lock_event])
[0x00007fc5cc023120] Threads_lock - owner thread: 0x00007fc5cc0a16b0
[0x00007fc5cc0238d0] Heap_lock - owner thread: 0x00007fc55814e6f0

OutOfMemory and StackOverflow Exception counts:
OutOfMemoryError java_heap_errors=13
LinkageErrors=65

Heap address: 0x00000000e0000000, size: 512 MB, Compressed Oops mode: 32-bit

CDS archive(s) mapped at: [0x0000000800000000-0x0000000800bc8000-0x0000000800bc8000), size 12353536, SharedBaseAddress: 0x0000000800000000, ArchiveRelocationMode: 0.
Compressed class space mapped at: 0x0000000800c00000-0x0000000840c00000, reserved size: 1073741824
Narrow klass base: 0x0000000800000000, Narrow klass shift: 0, Narrow klass range: 0x100000000

GC Precious Log:
 CPUs: 8 total, 1 available
 Memory: 1024M
 Large Page Support: Disabled
 NUMA Support: Disabled
 Compressed Oops: Enabled (32-bit)
 Alignments: Space 512K, Generation 512K, Heap 2M
 Heap Min Capacity: 100M
 Heap Initial Capacity: 100M
 Heap Max Capacity: 512M
 Pre-touch: Disabled
 Parallel Workers: 1

Heap:
 PSYoungGen      total 87040K, used 60928K [0x00000000f5580000, 0x00000000fee00000, 0x0000000100000000)
  eden space 60928K, 100% used [0x00000000f5580000,0x00000000f9100000,0x00000000f9100000)
  from space 26112K, 0% used [0x00000000f9100000,0x00000000f9100000,0x00000000faa80000)
  to   space 43008K, 0% used [0x00000000fc400000,0x00000000fc400000,0x00000000fee00000)
 ParOldGen       total 349696K, used 349694K [0x00000000e0000000, 0x00000000f5580000, 0x00000000f5580000)
  object space 349696K, 99% used [0x00000000e0000000,0x00000000f557f868,0x00000000f5580000)
 Metaspace       used 60993K, committed 62208K, reserved 1105920K
  class space    used 5910K, committed 6400K, reserved 1048576K

Card table byte_map: [0x00007fc5d345e000,0x00007fc5d355f000] _byte_map_base: 0x00007fc5d2d5e000

Marking Bits: (ParMarkBitMap*) 0x00007fc5d4bae4c0
 Begin Bits: [0x00007fc5d22b1000, 0x00007fc5d2ab1000)
 End Bits:   [0x00007fc5d2ab1000, 0x00007fc5d32b1000)

Polling page: 0x00007fc5d3778000

Metaspace:

Usage:
  Non-class:     53.79 MB used.
      Class:      5.77 MB used.
       Both:     59.56 MB used.

Virtual space:
  Non-class space:       56.00 MB reserved,      54.50 MB ( 97%) committed,  7 nodes.
      Class space:        1.00 GB reserved,       6.25 MB ( <1%) committed,  1 nodes.
             Both:        1.05 GB reserved,      60.75 MB (  6%) committed. 

Chunk freelists:
   Non-Class:  985.00 KB
       Class:  1.88 MB
        Both:  2.84 MB

MaxMetaspaceSize: unlimited
CompressedClassSpaceSize: 1.00 GB
Initial GC threshold: 21.00 MB
Current GC threshold: 101.19 MB
CDS: on
MetaspaceReclaimPolicy: balanced
 - commit_granule_bytes: 65536.
 - commit_granule_words: 8192.
 - virtual_space_node_default_size: 1048576.
 - enlarge_chunks_in_place: 1.
 - new_chunks_are_fully_committed: 0.
 - uncommit_free_chunks: 1.
 - use_allocation_guard: 0.
 - handle_deallocations: 1.


Internal statistics:

num_allocs_failed_limit: 6.
num_arena_births: 524.
num_arena_deaths: 156.
num_vsnodes_births: 8.
num_vsnodes_deaths: 0.
num_space_committed: 970.
num_space_uncommitted: 0.
num_chunks_returned_to_freelist: 219.
num_chunks_taken_from_freelist: 2959.
num_chunk_merges: 93.
num_chunk_splits: 1876.
num_chunks_enlarged: 1106.
num_purges: 4.
num_inconsistent_stats: 0.

CodeHeap 'non-profiled nmethods': size=120036Kb used=2862Kb max_used=2862Kb free=117174Kb
 bounds [0x00007fc5baf7a000, 0x00007fc5bb24a000, 0x00007fc5c24b3000]
CodeHeap 'profiled nmethods': size=120032Kb used=19200Kb max_used=19200Kb free=100831Kb
 bounds [0x00007fc5b3a42000, 0x00007fc5b4d12000, 0x00007fc5baf7a000]
CodeHeap 'non-nmethods': size=5692Kb used=1384Kb max_used=1391Kb free=4308Kb
 bounds [0x00007fc5b34b3000, 0x00007fc5b3723000, 0x00007fc5b3a42000]
 total_blobs=9227 nmethods=8506 adapters=615
 compilation: enabled
              stopped_count=0, restarted_count=0
 full_count=0

JVMCI Events (20 events):
Event: 1218.799 Thread 0x00007fc5cc0b1cb0 compacted oop handles in JVMCI runtime 0 from 43 to 43
Event: 1218.799 Thread 0x00007fc5cc0b1cb0 releasing handles for JVMCI runtime 0: oop handles=43, metadata handles={total=88, live=77, blocks=41}
Event: 1218.799 Thread 0x00007fc5cc0b1cb0 detached from JVMCI runtime 0
Event: 1383.539 Thread 0x00007fc5cc0b1cb0 attached to JVMCI runtime 0
Event: 1383.542 Thread 0x00007fc5cc0b1cb0 created JavaVM[6]@0x00007fc52569e340 for JVMCI runtime 0
Event: 1383.542 Thread 0x00007fc5cc0b1cb0 initializing JVMCI runtime 0
Event: 1383.542 Thread 0x00007fc5cc0b1cb0 done waiting for JavaVM references initialization in JVMCI runtime 0
Event: 1547.553 Thread 0x00007fc5cc0b1cb0 initialized JVMCI runtime 0
Event: 1578.847 Thread 0x00007fc5cc0b1cb0 compacted oop handles in JVMCI runtime 0 from 48 to 44
Event: 1598.778 Thread 0x00007fc5cc0b1cb0 detaching from JVMCI runtime 0: releasing idle compiler thread (0 other threads still attached)
Event: 1598.778 Thread 0x00007fc5cc0b1cb0 shutting down HotSpotJVMCIRuntime for JVMCI runtime 0
Event: 1598.778 Thread 0x00007fc5cc0b1cb0 shut down JVMCI runtime 0
Event: 1601.062 Thread 0x00007fc5cc0b1cb0 destroyed JavaVM[6]@0x00007fc52569e340 for JVMCI runtime 0
Event: 1601.062 Thread 0x00007fc5cc0b1cb0 compacted oop handles in JVMCI runtime 0 from 55 to 55
Event: 1601.062 Thread 0x00007fc5cc0b1cb0 releasing handles for JVMCI runtime 0: oop handles=55, metadata handles={total=96, live=96, blocks=41}
Event: 1601.062 Thread 0x00007fc5cc0b1cb0 detached from JVMCI runtime 0
Event: 1678.007 Thread 0x00007fc5cc0b1cb0 attached to JVMCI runtime 0
Event: 1678.032 Thread 0x00007fc5cc0b1cb0 created JavaVM[7]@0x00007fc52569e340 for JVMCI runtime 0
Event: 1680.594 Thread 0x00007fc5cc0b1cb0 initializing JVMCI runtime 0
Event: 1680.594 Thread 0x00007fc5cc0b1cb0 done waiting for JavaVM references initialization in JVMCI runtime 0

Compilation events (20 events):
Event: 1214.252 Thread 0x00007fc5cc0b31c0 nmethod 10813 0x00007fc5b4cfd590 code [0x00007fc5b4cfd740, 0x00007fc5b4cfd930]
Event: 1230.179 Thread 0x00007fc5cc0b31c0 10814       3       java.util.concurrent.ScheduledThreadPoolExecutor::canRunInCurrentRunState (61 bytes)
Event: 1238.835 Thread 0x00007fc5cc0b31c0 nmethod 10814 0x00007fc5b4cfda10 code [0x00007fc5b4cfdc20, 0x00007fc5b4cfe6c0]
Event: 1383.539 Thread 0x00007fc5cc0b1cb0 10815       4       org.eclipse.core.runtime.Path::makeAbsolute (69 bytes)
Event: 1533.285 Thread 0x00007fc5cc0b31c0 10816       3       java.util.concurrent.locks.AbstractQueuedSynchronizer$Node::<init> (5 bytes)
Event: 1533.286 Thread 0x00007fc5cc0b31c0 nmethod 10816 0x00007fc5b4cfe910 code [0x00007fc5b4cfeac0, 0x00007fc5b4cfec10]
Event: 1576.494 Thread 0x00007fc5cc0b31c0 10818       3       org.eclipse.core.runtime.NullProgressMonitor::done (1 bytes)
Event: 1578.844 Thread 0x00007fc5cc0b31c0 nmethod 10818 0x00007fc5b4cfed10 code [0x00007fc5b4cfeea0, 0x00007fc5b4cfefb0]
Event: 1578.848 Thread 0x00007fc5cc0b1cb0 nmethod 10815 0x00007fc5bb244690 code [0x00007fc5bb244840, 0x00007fc5bb244b70]
Event: 1578.848 Thread 0x00007fc5cc0b1cb0 10817       4       java.util.Collections$UnmodifiableMap$UnmodifiableEntrySet$1::next (5 bytes)
Event: 1591.939 Thread 0x00007fc5cc0b31c0 10819       1       java.util.logging.Level::intValue (5 bytes)
Event: 1591.939 Thread 0x00007fc5cc0b31c0 nmethod 10819 0x00007fc5bb244d90 code [0x00007fc5bb244f20, 0x00007fc5bb244ff0]
Event: 1596.499 Thread 0x00007fc5cc0b1cb0 nmethod 10817 0x00007fc5bb245090 code [0x00007fc5bb245220, 0x00007fc5bb245518]
Event: 1616.279 Thread 0x00007fc5cc0b31c0 10820   !   3       java.util.concurrent.locks.AbstractQueuedSynchronizer::acquire (407 bytes)
Event: 1622.031 Thread 0x00007fc5cc0b31c0 nmethod 10820 0x00007fc5b4cff090 code [0x00007fc5b4cff400, 0x00007fc5b4d01220]
Event: 1675.336 Thread 0x00007fc5cc0b31c0 10821       3       java.lang.StackStreamFactory$FrameBuffer::isEmpty (32 bytes)
Event: 1675.336 Thread 0x00007fc5cc0b31c0 nmethod 10821 0x00007fc5b4d01b10 code [0x00007fc5b4d01cc0, 0x00007fc5b4d01e90]
Event: 1678.007 Thread 0x00007fc5cc0b1cb0 10823       4       java.lang.Thread::interrupted (23 bytes)
Event: 1678.008 Thread 0x00007fc5cc0b31c0 10822       3       jdk.internal.misc.Unsafe::putIntOpaque (9 bytes)
Event: 1678.030 Thread 0x00007fc5cc0b31c0 nmethod 10822 0x00007fc5b4d01f10 code [0x00007fc5b4d020a0, 0x00007fc5b4d021b0]

GC Heap History (20 events):
Event: 1683.232 GC heap before
{Heap before GC invocations=685 (full 555):
 PSYoungGen      total 87040K, used 60927K [0x00000000f5580000, 0x00000000fee00000, 0x0000000100000000)
  eden space 60928K, 99% used [0x00000000f5580000,0x00000000f90fffb8,0x00000000f9100000)
  from space 26112K, 0% used [0x00000000f9100000,0x00000000f9100000,0x00000000faa80000)
  to   space 43008K, 0% used [0x00000000fc400000,0x00000000fc400000,0x00000000fee00000)
 ParOldGen       total 349696K, used 349689K [0x00000000e0000000, 0x00000000f5580000, 0x00000000f5580000)
  object space 349696K, 99% used [0x00000000e0000000,0x00000000f557e738,0x00000000f5580000)
 Metaspace       used 60993K, committed 62208K, reserved 1105920K
  class space    used 5910K, committed 6400K, reserved 1048576K
}
Event: 1686.266 GC heap after
{Heap after GC invocations=685 (full 555):
 PSYoungGen      total 103936K, used 60927K [0x00000000f5580000, 0x00000000fee00000, 0x0000000100000000)
  eden space 60928K, 99% used [0x00000000f5580000,0x00000000f90fffa0,0x00000000f9100000)
  from space 43008K, 0% used [0x00000000fc400000,0x00000000fc400000,0x00000000fee00000)
  to   space 26112K, 0% used [0x00000000f9100000,0x00000000f9100000,0x00000000faa80000)
 ParOldGen       total 349696K, used 349689K [0x00000000e0000000, 0x00000000f5580000, 0x00000000f5580000)
  object space 349696K, 99% used [0x00000000e0000000,0x00000000f557e650,0x00000000f5580000)
 Metaspace       used 60993K, committed 62208K, reserved 1105920K
  class space    used 5910K, committed 6400K, reserved 1048576K
}
Event: 1686.268 GC heap before
{Heap before GC invocations=686 (full 556):
 PSYoungGen      total 103936K, used 60927K [0x00000000f5580000, 0x00000000fee00000, 0x0000000100000000)
  eden space 60928K, 99% used [0x00000000f5580000,0x00000000f90ffff0,0x00000000f9100000)
  from space 43008K, 0% used [0x00000000fc400000,0x00000000fc400000,0x00000000fee00000)
  to   space 26112K, 0% used [0x00000000f9100000,0x00000000f9100000,0x00000000faa80000)
 ParOldGen       total 349696K, used 349693K [0x00000000e0000000, 0x00000000f5580000, 0x00000000f5580000)
  object space 349696K, 99% used [0x00000000e0000000,0x00000000f557f4e8,0x00000000f5580000)
 Metaspace       used 60993K, committed 62208K, reserved 1105920K
  class space    used 5910K, committed 6400K, reserved 1048576K
}
Event: 1689.190 GC heap after
{Heap after GC invocations=686 (full 556):
 PSYoungGen      total 87040K, used 60927K [0x00000000f5580000, 0x00000000fee00000, 0x0000000100000000)
  eden space 60928K, 99% used [0x00000000f5580000,0x00000000f90fff28,0x00000000f9100000)
  from space 26112K, 0% used [0x00000000f9100000,0x00000000f9100000,0x00000000faa80000)
  to   space 43008K, 0% used [0x00000000fc400000,0x00000000fc400000,0x00000000fee00000)
 ParOldGen       total 349696K, used 349690K [0x00000000e0000000, 0x00000000f5580000, 0x00000000f5580000)
  object space 349696K, 99% used [0x00000000e0000000,0x00000000f557e850,0x00000000f5580000)
 Metaspace       used 60993K, committed 62208K, reserved 1105920K
  class space    used 5910K, committed 6400K, reserved 1048576K
}
Event: 1689.190 GC heap before
{Heap before GC invocations=687 (full 557):
 PSYoungGen      total 87040K, used 60928K [0x00000000f5580000, 0x00000000fee00000, 0x0000000100000000)
  eden space 60928K, 100% used [0x00000000f5580000,0x00000000f9100000,0x00000000f9100000)
  from space 26112K, 0% used [0x00000000f9100000,0x00000000f9100000,0x00000000faa80000)
  to   space 43008K, 0% used [0x00000000fc400000,0x00000000fc400000,0x00000000fee00000)
 ParOldGen       total 349696K, used 349690K [0x00000000e0000000, 0x00000000f5580000, 0x00000000f5580000)
  object space 349696K, 99% used [0x00000000e0000000,0x00000000f557e850,0x00000000f5580000)
 Metaspace       used 60993K, committed 62208K, reserved 1105920K
  class space    used 5910K, committed 6400K, reserved 1048576K
}
Event: 1691.907 GC heap after
{Heap after GC invocations=687 (full 557):
 PSYoungGen      total 103936K, used 60927K [0x00000000f5580000, 0x00000000fee00000, 0x0000000100000000)
  eden space 60928K, 99% used [0x00000000f5580000,0x00000000f90fff60,0x00000000f9100000)
  from space 43008K, 0% used [0x00000000fc400000,0x00000000fc400000,0x00000000fee00000)
  to   space 26112K, 0% used [0x00000000f9100000,0x00000000f9100000,0x00000000faa80000)
 ParOldGen       total 349696K, used 349690K [0x00000000e0000000, 0x00000000f5580000, 0x00000000f5580000)
  object space 349696K, 99% used [0x00000000e0000000,0x00000000f557e830,0x00000000f5580000)
 Metaspace       used 60993K, committed 62208K, reserved 1105920K
  class space    used 5910K, committed 6400K, reserved 1048576K
}
Event: 1691.930 GC heap before
{Heap before GC invocations=688 (full 558):
 PSYoungGen      total 103936K, used 60928K [0x00000000f5580000, 0x00000000fee00000, 0x0000000100000000)
  eden space 60928K, 100% used [0x00000000f5580000,0x00000000f9100000,0x00000000f9100000)
  from space 43008K, 0% used [0x00000000fc400000,0x00000000fc400000,0x00000000fee00000)
  to   space 26112K, 0% used [0x00000000f9100000,0x00000000f9100000,0x00000000faa80000)
 ParOldGen       total 349696K, used 349690K [0x00000000e0000000, 0x00000000f5580000, 0x00000000f5580000)
  object space 349696K, 99% used [0x00000000e0000000,0x00000000f557e830,0x00000000f5580000)
 Metaspace       used 60993K, committed 62208K, reserved 1105920K
  class space    used 5910K, committed 6400K, reserved 1048576K
}
Event: 1694.484 GC heap after
{Heap after GC invocations=688 (full 558):
 PSYoungGen      total 87040K, used 60927K [0x00000000f5580000, 0x00000000fee00000, 0x0000000100000000)
  eden space 60928K, 99% used [0x00000000f5580000,0x00000000f90fff60,0x00000000f9100000)
  from space 26112K, 0% used [0x00000000f9100000,0x00000000f9100000,0x00000000faa80000)
  to   space 43008K, 0% used [0x00000000fc400000,0x00000000fc400000,0x00000000fee00000)
 ParOldGen       total 349696K, used 349690K [0x00000000e0000000, 0x00000000f5580000, 0x00000000f5580000)
  object space 349696K, 99% used [0x00000000e0000000,0x00000000f557e830,0x00000000f5580000)
 Metaspace       used 60993K, committed 62208K, reserved 1105920K
  class space    used 5910K, committed 6400K, reserved 1048576K
}
Event: 1694.484 GC heap before
{Heap before GC invocations=689 (full 559):
 PSYoungGen      total 87040K, used 60928K [0x00000000f5580000, 0x00000000fee00000, 0x0000000100000000)
  eden space 60928K, 100% used [0x00000000f5580000,0x00000000f9100000,0x00000000f9100000)
  from space 26112K, 0% used [0x00000000f9100000,0x00000000f9100000,0x00000000faa80000)
  to   space 43008K, 0% used [0x00000000fc400000,0x00000000fc400000,0x00000000fee00000)
 ParOldGen       total 349696K, used 349690K [0x00000000e0000000, 0x00000000f5580000, 0x00000000f5580000)
  object space 349696K, 99% used [0x00000000e0000000,0x00000000f557e830,0x00000000f5580000)
 Metaspace       used 60993K, committed 62208K, reserved 1105920K
  class space    used 5910K, committed 6400K, reserved 1048576K
}
Event: 1697.176 GC heap after
{Heap after GC invocations=689 (full 559):
 PSYoungGen      total 103936K, used 60927K [0x00000000f5580000, 0x00000000fee00000, 0x0000000100000000)
  eden space 60928K, 99% used [0x00000000f5580000,0x00000000f90fff60,0x00000000f9100000)
  from space 43008K, 0% used [0x00000000fc400000,0x00000000fc400000,0x00000000fee00000)
  to   space 26112K, 0% used [0x00000000f9100000,0x00000000f9100000,0x00000000faa80000)
 ParOldGen       total 349696K, used 349690K [0x00000000e0000000, 0x00000000f5580000, 0x00000000f5580000)
  object space 349696K, 99% used [0x00000000e0000000,0x00000000f557e830,0x00000000f5580000)
 Metaspace       used 60993K, committed 62208K, reserved 1105920K
  class space    used 5910K, committed 6400K, reserved 1048576K
}
Event: 1697.177 GC heap before
{Heap before GC invocations=690 (full 560):
 PSYoungGen      total 103936K, used 60928K [0x00000000f5580000, 0x00000000fee00000, 0x0000000100000000)
  eden space 60928K, 100% used [0x00000000f5580000,0x00000000f9100000,0x00000000f9100000)
  from space 43008K, 0% used [0x00000000fc400000,0x00000000fc400000,0x00000000fee00000)
  to   space 26112K, 0% used [0x00000000f9100000,0x00000000f9100000,0x00000000faa80000)
 ParOldGen       total 349696K, used 349690K [0x00000000e0000000, 0x00000000f5580000, 0x00000000f5580000)
  object space 349696K, 99% used [0x00000000e0000000,0x00000000f557e830,0x00000000f5580000)
 Metaspace       used 60993K, committed 62208K, reserved 1105920K
  class space    used 5910K, committed 6400K, reserved 1048576K
}
Event: 1699.632 GC heap after
{Heap after GC invocations=690 (full 560):
 PSYoungGen      total 87040K, used 60927K [0x00000000f5580000, 0x00000000fee00000, 0x0000000100000000)
  eden space 60928K, 99% used [0x00000000f5580000,0x00000000f90fff40,0x00000000f9100000)
  from space 26112K, 0% used [0x00000000f9100000,0x00000000f9100000,0x00000000faa80000)
  to   space 43008K, 0% used [0x00000000fc400000,0x00000000fc400000,0x00000000fee00000)
 ParOldGen       total 349696K, used 349690K [0x00000000e0000000, 0x00000000f5580000, 0x00000000f5580000)
  object space 349696K, 99% used [0x00000000e0000000,0x00000000f557e830,0x00000000f5580000)
 Metaspace       used 60993K, committed 62208K, reserved 1105920K
  class space    used 5910K, committed 6400K, reserved 1048576K
}
Event: 1699.632 GC heap before
{Heap before GC invocations=691 (full 561):
 PSYoungGen      total 87040K, used 60928K [0x00000000f5580000, 0x00000000fee00000, 0x0000000100000000)
  eden space 60928K, 100% used [0x00000000f5580000,0x00000000f9100000,0x00000000f9100000)
  from space 26112K, 0% used [0x00000000f9100000,0x00000000f9100000,0x00000000faa80000)
  to   space 43008K, 0% used [0x00000000fc400000,0x00000000fc400000,0x00000000fee00000)
 ParOldGen       total 349696K, used 349690K [0x00000000e0000000, 0x00000000f5580000, 0x00000000f5580000)
  object space 349696K, 99% used [0x00000000e0000000,0x00000000f557e830,0x00000000f5580000)
 Metaspace       used 60993K, committed 62208K, reserved 1105920K
  class space    used 5910K, committed 6400K, reserved 1048576K
}
Event: 1702.151 GC heap after
{Heap after GC invocations=691 (full 561):
 PSYoungGen      total 103936K, used 60927K [0x00000000f5580000, 0x00000000fee00000, 0x0000000100000000)
  eden space 60928K, 99% used [0x00000000f5580000,0x00000000f90fff40,0x00000000f9100000)
  from space 43008K, 0% used [0x00000000fc400000,0x00000000fc400000,0x00000000fee00000)
  to   space 26112K, 0% used [0x00000000f9100000,0x00000000f9100000,0x00000000faa80000)
 ParOldGen       total 349696K, used 349690K [0x00000000e0000000, 0x00000000f5580000, 0x00000000f5580000)
  object space 349696K, 99% used [0x00000000e0000000,0x00000000f557e830,0x00000000f5580000)
 Metaspace       used 60993K, committed 62208K, reserved 1105920K
  class space    used 5910K, committed 6400K, reserved 1048576K
}
Event: 1702.153 GC heap before
{Heap before GC invocations=692 (full 562):
 PSYoungGen      total 103936K, used 60927K [0x00000000f5580000, 0x00000000fee00000, 0x0000000100000000)
  eden space 60928K, 99% used [0x00000000f5580000,0x00000000f90fff58,0x00000000f9100000)
  from space 43008K, 0% used [0x00000000fc400000,0x00000000fc400000,0x00000000fee00000)
  to   space 26112K, 0% used [0x00000000f9100000,0x00000000f9100000,0x00000000faa80000)
 ParOldGen       total 349696K, used 349690K [0x00000000e0000000, 0x00000000f5580000, 0x00000000f5580000)
  object space 349696K, 99% used [0x00000000e0000000,0x00000000f557e830,0x00000000f5580000)
 Metaspace       used 60993K, committed 62208K, reserved 1105920K
  class space    used 5910K, committed 6400K, reserved 1048576K
}
Event: 1704.635 GC heap after
{Heap after GC invocations=692 (full 562):
 PSYoungGen      total 87040K, used 60927K [0x00000000f5580000, 0x00000000fee00000, 0x0000000100000000)
  eden space 60928K, 99% used [0x00000000f5580000,0x00000000f90fff58,0x00000000f9100000)
  from space 26112K, 0% used [0x00000000f9100000,0x00000000f9100000,0x00000000faa80000)
  to   space 43008K, 0% used [0x00000000fc400000,0x00000000fc400000,0x00000000fee00000)
 ParOldGen       total 349696K, used 349690K [0x00000000e0000000, 0x00000000f5580000, 0x00000000f5580000)
  object space 349696K, 99% used [0x00000000e0000000,0x00000000f557e830,0x00000000f5580000)
 Metaspace       used 60993K, committed 62208K, reserved 1105920K
  class space    used 5910K, committed 6400K, reserved 1048576K
}
Event: 1704.636 GC heap before
{Heap before GC invocations=693 (full 563):
 PSYoungGen      total 87040K, used 60927K [0x00000000f5580000, 0x00000000fee00000, 0x0000000100000000)
  eden space 60928K, 99% used [0x00000000f5580000,0x00000000f90ffff8,0x00000000f9100000)
  from space 26112K, 0% used [0x00000000f9100000,0x00000000f9100000,0x00000000faa80000)
  to   space 43008K, 0% used [0x00000000fc400000,0x00000000fc400000,0x00000000fee00000)
 ParOldGen       total 349696K, used 349695K [0x00000000e0000000, 0x00000000f5580000, 0x00000000f5580000)
  object space 349696K, 99% used [0x00000000e0000000,0x00000000f557fc08,0x00000000f5580000)
 Metaspace       used 60993K, committed 62208K, reserved 1105920K
  class space    used 5910K, committed 6400K, reserved 1048576K
}
Event: 1707.183 GC heap after
{Heap after GC invocations=693 (full 563):
 PSYoungGen      total 103936K, used 60927K [0x00000000f5580000, 0x00000000fee00000, 0x0000000100000000)
  eden space 60928K, 99% used [0x00000000f5580000,0x00000000f90fffa8,0x00000000f9100000)
  from space 43008K, 0% used [0x00000000fc400000,0x00000000fc400000,0x00000000fee00000)
  to   space 26112K, 0% used [0x00000000f9100000,0x00000000f9100000,0x00000000faa80000)
 ParOldGen       total 349696K, used 349693K [0x00000000e0000000, 0x00000000f5580000, 0x00000000f5580000)
  object space 349696K, 99% used [0x00000000e0000000,0x00000000f557f738,0x00000000f5580000)
 Metaspace       used 60993K, committed 62208K, reserved 1105920K
  class space    used 5910K, committed 6400K, reserved 1048576K
}
Event: 1707.183 GC heap before
{Heap before GC invocations=694 (full 564):
 PSYoungGen      total 103936K, used 60927K [0x00000000f5580000, 0x00000000fee00000, 0x0000000100000000)
  eden space 60928K, 99% used [0x00000000f5580000,0x00000000f90fffa8,0x00000000f9100000)
  from space 43008K, 0% used [0x00000000fc400000,0x00000000fc400000,0x00000000fee00000)
  to   space 26112K, 0% used [0x00000000f9100000,0x00000000f9100000,0x00000000faa80000)
 ParOldGen       total 349696K, used 349693K [0x00000000e0000000, 0x00000000f5580000, 0x00000000f5580000)
  object space 349696K, 99% used [0x00000000e0000000,0x00000000f557f738,0x00000000f5580000)
 Metaspace       used 60993K, committed 62208K, reserved 1105920K
  class space    used 5910K, committed 6400K, reserved 1048576K
}
Event: 1709.593 GC heap after
{Heap after GC invocations=694 (full 564):
 PSYoungGen      total 87040K, used 60927K [0x00000000f5580000, 0x00000000fee00000, 0x0000000100000000)
  eden space 60928K, 99% used [0x00000000f5580000,0x00000000f90fffa8,0x00000000f9100000)
  from space 26112K, 0% used [0x00000000f9100000,0x00000000f9100000,0x00000000faa80000)
  to   space 43008K, 0% used [0x00000000fc400000,0x00000000fc400000,0x00000000fee00000)
 ParOldGen       total 349696K, used 349693K [0x00000000e0000000, 0x00000000f5580000, 0x00000000f5580000)
  object space 349696K, 99% used [0x00000000e0000000,0x00000000f557f738,0x00000000f5580000)
 Metaspace       used 60993K, committed 62208K, reserved 1105920K
  class space    used 5910K, committed 6400K, reserved 1048576K
}

Dll operation events (9 events):
Event: 0.003 Loaded shared library /nix/store/gpxl5qgg8kicmcvivwmybwjlpf7wh20l-graalvm17-ce-22.3.0/lib/libjava.so
Event: 0.081 Loaded shared library /nix/store/gpxl5qgg8kicmcvivwmybwjlpf7wh20l-graalvm17-ce-22.3.0/lib/libjsvml.so
Event: 0.390 Loaded shared library /nix/store/gpxl5qgg8kicmcvivwmybwjlpf7wh20l-graalvm17-ce-22.3.0/lib/libnio.so
Event: 0.394 Loaded shared library /nix/store/gpxl5qgg8kicmcvivwmybwjlpf7wh20l-graalvm17-ce-22.3.0/lib/libzip.so
Event: 0.398 Loaded shared library /nix/store/gpxl5qgg8kicmcvivwmybwjlpf7wh20l-graalvm17-ce-22.3.0/lib/libjvmcicompiler.so
Event: 1.133 Loaded shared library /nix/store/gpxl5qgg8kicmcvivwmybwjlpf7wh20l-graalvm17-ce-22.3.0/lib/libjimage.so
Event: 3.545 Loaded shared library /nix/store/gpxl5qgg8kicmcvivwmybwjlpf7wh20l-graalvm17-ce-22.3.0/lib/libnet.so
Event: 6.036 Loaded shared library /home/runner/CostlyBurlywoodMozbot/.cache/jdt-language-server/config/org.eclipse.equinox.launcher/org.eclipse.equinox.launcher.gtk.linux.x86_64_1.2.400.v20211117-0650/eclipse_11600.so
Event: 17.082 Loaded shared library /nix/store/gpxl5qgg8kicmcvivwmybwjlpf7wh20l-graalvm17-ce-22.3.0/lib/libextnet.so

Deoptimization events (20 events):
Event: 1456.804 Thread 0x00007fc5cc4346b0 DEOPT PACKING pc=0x00007fc5baf8cc6e sp=0x00007fc5b07fc940
Event: 1456.804 Thread 0x00007fc5cc4346b0 DEOPT UNPACKING pc=0x00007fc5b3505325 sp=0x00007fc5b07fbdc0 mode 3
Event: 1483.697 Thread 0x00007fc56844d0f0 Uncommon trap: trap_request=0xffffff8f fr.pc=0x00007fc5bb0682cd relative=0x00000000000001ad
Event: 1483.697 Thread 0x00007fc56844d0f0 Uncommon trap: reason=constraint action=none pc=0x00007fc5bb0682cd method=java.util.AbstractList.<init>()V @ 9 jvmci
Event: 1488.457 Thread 0x00007fc56844d0f0 DEOPT PACKING pc=0x00007fc5bb0682cd sp=0x00007fc5b03fe6f0
Event: 1488.457 Thread 0x00007fc56844d0f0 DEOPT UNPACKING pc=0x00007fc5b3505325 sp=0x00007fc5b03fdb28 mode 3
Event: 1500.609 Thread 0x00007fc5cc30f210 Uncommon trap: trap_request=0xffffffed fr.pc=0x00007fc5bb23f76b relative=0x000000000000036b
Event: 1500.609 Thread 0x00007fc5cc30f210 Uncommon trap: reason=null_assert_or_unreached0 action=reinterpret pc=0x00007fc5bb23f76b method=java.util.concurrent.locks.AbstractQueuedSynchronizer.compareAndSetState(II)Z @ 12 jvmci
Event: 1500.609 Thread 0x00007fc5cc30f210 DEOPT PACKING pc=0x00007fc5bb23f76b sp=0x00007fc5b34b1500
Event: 1500.609 Thread 0x00007fc5cc30f210 DEOPT UNPACKING pc=0x00007fc5b3505325 sp=0x00007fc5b34b0810 mode 3
Event: 1500.609 Thread 0x00007fc5cc30f210 Uncommon trap: trap_request=0xffffffed fr.pc=0x00007fc5bb23ee98 relative=0x0000000000000258
Event: 1500.609 Thread 0x00007fc5cc30f210 Uncommon trap: reason=null_assert_or_unreached0 action=reinterpret pc=0x00007fc5bb23ee98 method=org.eclipse.osgi.container.ModuleDatabase.readUnlock()V @ 0 jvmci
Event: 1500.610 Thread 0x00007fc5cc30f210 DEOPT PACKING pc=0x00007fc5bb23ee98 sp=0x00007fc5b34b1510
Event: 1500.610 Thread 0x00007fc5cc30f210 DEOPT UNPACKING pc=0x00007fc5b3505325 sp=0x00007fc5b34b09d8 mode 3
Event: 1512.230 Thread 0x00007fc5cc4346b0 Uncommon trap: trap_request=0xffffff8f fr.pc=0x00007fc5baf8cc6e relative=0x00000000000000ce
Event: 1512.230 Thread 0x00007fc5cc4346b0 Uncommon trap: reason=constraint action=none pc=0x00007fc5baf8cc6e method=java.util.HashMap.newNode(ILjava/lang/Object;Ljava/lang/Object;Ljava/util/HashMap$Node;)Ljava/util/HashMap$Node; @ 0 jvmci
Event: 1512.230 Thread 0x00007fc5cc4346b0 DEOPT PACKING pc=0x00007fc5baf8cc6e sp=0x00007fc5b07fc940
Event: 1512.230 Thread 0x00007fc5cc4346b0 DEOPT UNPACKING pc=0x00007fc5b3505325 sp=0x00007fc5b07fbdc0 mode 3
Event: 1516.702 Thread 0x00007fc5cc4346b0 DEOPT PACKING pc=0x00007fc5bafbf6c4 sp=0x00007fc5b07fca10
Event: 1516.702 Thread 0x00007fc5cc4346b0 DEOPT UNPACKING pc=0x00007fc5b3505325 sp=0x00007fc5b07fbef8 mode 1

Classes unloaded (20 events):
Event: 133.738 Thread 0x00007fc5cc0a16b0 Unloading class 0x00000008010f0c00 'jdk/internal/reflect/GeneratedMethodAccessor10'
Event: 133.738 Thread 0x00007fc5cc0a16b0 Unloading class 0x00000008010f0800 'jdk/internal/reflect/GeneratedMethodAccessor9'
Event: 133.738 Thread 0x00007fc5cc0a16b0 Unloading class 0x00000008010f0400 'jdk/internal/reflect/GeneratedMethodAccessor8'
Event: 133.738 Thread 0x00007fc5cc0a16b0 Unloading class 0x00000008010f0000 'jdk/internal/reflect/GeneratedMethodAccessor7'
Event: 133.738 Thread 0x00007fc5cc0a16b0 Unloading class 0x00000008010d2400 'jdk/internal/reflect/GeneratedSerializationConstructorAccessor3'
Event: 133.738 Thread 0x00007fc5cc0a16b0 Unloading class 0x00000008010d2000 'jdk/internal/reflect/GeneratedConstructorAccessor29'
Event: 133.738 Thread 0x00007fc5cc0a16b0 Unloading class 0x0000000801098400 'jdk/internal/reflect/GeneratedSerializationConstructorAccessor2'
Event: 133.738 Thread 0x00007fc5cc0a16b0 Unloading class 0x0000000801098000 'jdk/internal/reflect/GeneratedSerializationConstructorAccessor1'
Event: 133.738 Thread 0x00007fc5cc0a16b0 Unloading class 0x0000000801049000 'java/lang/invoke/LambdaForm$MH+0x0000000801049000'
Event: 133.738 Thread 0x00007fc5cc0a16b0 Unloading class 0x0000000801048c00 'java/lang/invoke/LambdaForm$MH+0x0000000801048c00'
Event: 133.738 Thread 0x00007fc5cc0a16b0 Unloading class 0x0000000801048800 'java/lang/invoke/LambdaForm$MH+0x0000000801048800'
Event: 133.739 Thread 0x00007fc5cc0a16b0 Unloading class 0x0000000801048400 'java/lang/invoke/LambdaForm$MH+0x0000000801048400'
Event: 133.739 Thread 0x00007fc5cc0a16b0 Unloading class 0x0000000801048000 'java/lang/invoke/LambdaForm$MH+0x0000000801048000'
Event: 133.739 Thread 0x00007fc5cc0a16b0 Unloading class 0x0000000801046400 'java/lang/invoke/LambdaForm$MH+0x0000000801046400'
Event: 133.739 Thread 0x00007fc5cc0a16b0 Unloading class 0x0000000800ee9000 'jdk/internal/reflect/GeneratedConstructorAccessor12'
Event: 133.739 Thread 0x00007fc5cc0a16b0 Unloading class 0x0000000800ee8800 'jdk/internal/reflect/GeneratedConstructorAccessor10'
Event: 133.739 Thread 0x00007fc5cc0a16b0 Unloading class 0x0000000800ee8400 'jdk/internal/reflect/GeneratedConstructorAccessor9'
Event: 133.739 Thread 0x00007fc5cc0a16b0 Unloading class 0x0000000800ee8000 'jdk/internal/reflect/GeneratedConstructorAccessor8'
Event: 133.739 Thread 0x00007fc5cc0a16b0 Unloading class 0x0000000800d9c400 'java/lang/invoke/LambdaForm$MH+0x0000000800d9c400'
Event: 133.739 Thread 0x00007fc5cc0a16b0 Unloading class 0x0000000800d04000 'java/lang/invoke/LambdaForm$MH+0x0000000800d04000'

Classes redefined (0 events):
No events

Internal exceptions (20 events):
Event: 99.787 Thread 0x00007fc5580b6f40 Exception <a 'java/lang/ArrayIndexOutOfBoundsException'{0x00000000f8596a08}> (0x00000000f8596a08) 
thrown [src/hotspot/share/runtime/sharedRuntime.cpp, line 628]
Event: 99.787 Thread 0x00007fc5580b6f40 Exception <a 'java/lang/ArrayIndexOutOfBoundsException'{0x00000000f8596d28}> (0x00000000f8596d28) 
thrown [src/hotspot/share/runtime/sharedRuntime.cpp, line 628]
Event: 1197.900 Thread 0x00007fc548001ca0 Exception <a 'java/lang/OutOfMemoryError'{0x00000000e00a8c20}> (0x00000000e00a8c20) 
thrown [src/hotspot/share/gc/shared/memAllocator.cpp, line 136]
Event: 1443.590 Thread 0x00007fc5cc4346b0 Exception <a 'java/lang/OutOfMemoryError'{0x00000000e00a91c0}> (0x00000000e00a91c0) 
thrown [src/hotspot/share/gc/shared/memAllocator.cpp, line 138]
Event: 1443.590 Thread 0x00007fc5cc4346b0 Implicit null exception at 0x00007fc5baf8cc4f to 0x00007fc5baf8cc53
Event: 1451.748 Thread 0x00007fc5cc4346b0 Exception <a 'java/lang/OutOfMemoryError'{0x00000000e00a8ef0}> (0x00000000e00a8ef0) 
thrown [src/hotspot/share/gc/shared/memAllocator.cpp, line 138]
Event: 1451.748 Thread 0x00007fc5cc4346b0 Implicit null exception at 0x00007fc5baf8cc4f to 0x00007fc5baf8cc53
Event: 1456.808 Thread 0x00007fc530000ff0 Exception <a 'java/lang/OutOfMemoryError'{0x00000000e00a9210}> (0x00000000e00a9210) 
thrown [src/hotspot/share/gc/shared/memAllocator.cpp, line 136]
Event: 1483.697 Thread 0x00007fc56844d0f0 Exception <a 'java/lang/OutOfMemoryError'{0x00000000e00a8ef0}> (0x00000000e00a8ef0) 
thrown [src/hotspot/share/gc/shared/memAllocator.cpp, line 138]
Event: 1483.697 Thread 0x00007fc56844d0f0 Implicit null exception at 0x00007fc5bb068283 to 0x00007fc5bb0682b2
Event: 1488.457 Thread 0x00007fc55814e6f0 Exception <a 'java/lang/OutOfMemoryError'{0x00000000e00a9210}> (0x00000000e00a9210) 
thrown [src/hotspot/share/gc/shared/memAllocator.cpp, line 136]
Event: 1512.230 Thread 0x00007fc5cc4346b0 Exception <a 'java/lang/OutOfMemoryError'{0x00000000e00a8ef0}> (0x00000000e00a8ef0) 
thrown [src/hotspot/share/gc/shared/memAllocator.cpp, line 138]
Event: 1512.230 Thread 0x00007fc5cc4346b0 Implicit null exception at 0x00007fc5baf8cc4f to 0x00007fc5baf8cc53
Event: 1516.702 Thread 0x00007fc5cc4346b0 Exception <a 'java/lang/OutOfMemoryError'{0x00000000e00a9210}> (0x00000000e00a9210) 
thrown [src/hotspot/share/gc/shared/memAllocator.cpp, line 136]
Event: 1533.285 Thread 0x00007fc548001ca0 Exception <a 'java/lang/OutOfMemoryError'{0x00000000e00a9210}> (0x00000000e00a9210) 
thrown [src/hotspot/share/gc/shared/memAllocator.cpp, line 136]
Event: 1542.647 Thread 0x00007fc548001ca0 Exception <a 'java/lang/OutOfMemoryError'{0x00000000e00a9210}> (0x00000000e00a9210) 
thrown [src/hotspot/share/gc/shared/memAllocator.cpp, line 136]
Event: 1547.556 Thread 0x00007fc5cc4346b0 Exception <a 'java/lang/reflect/InvocationTargetException'{0x00000000f90ffe90}> (0x00000000f90ffe90) 
thrown [src/hotspot/share/runtime/reflection.cpp, line 1119]
Event: 1608.493 Thread 0x00007fc530000ff0 Exception <a 'java/lang/OutOfMemoryError'{0x00000000e00a9210}> (0x00000000e00a9210) 
thrown [src/hotspot/share/gc/shared/memAllocator.cpp, line 136]
Event: 1616.279 Thread 0x00007fc530000ff0 Exception <a 'java/lang/OutOfMemoryError'{0x00000000e00a9210}> (0x00000000e00a9210) 
thrown [src/hotspot/share/gc/shared/memAllocator.cpp, line 136]
Event: 1709.593 Thread 0x00007fc5cc0b1cb0 Exception <a 'java/lang/OutOfMemoryError'{0x00000000e00a9210}> (0x00000000e00a9210) 
thrown [src/hotspot/share/gc/shared/memAllocator.cpp, line 136]

VM Operations (20 events):
Event: 1680.596 Executing VM operation: ParallelGCFailedAllocation
Event: 1683.231 Executing VM operation: ParallelGCFailedAllocation done
Event: 1683.231 Executing VM operation: ParallelGCFailedAllocation
Event: 1686.266 Executing VM operation: ParallelGCFailedAllocation done
Event: 1686.266 Executing VM operation: ParallelGCFailedAllocation
Event: 1689.190 Executing VM operation: ParallelGCFailedAllocation done
Event: 1689.190 Executing VM operation: ParallelGCFailedAllocation
Event: 1691.907 Executing VM operation: ParallelGCFailedAllocation done
Event: 1691.929 Executing VM operation: ParallelGCFailedAllocation
Event: 1694.484 Executing VM operation: ParallelGCFailedAllocation done
Event: 1694.484 Executing VM operation: ParallelGCFailedAllocation
Event: 1697.176 Executing VM operation: ParallelGCFailedAllocation done
Event: 1697.177 Executing VM operation: ParallelGCFailedAllocation
Event: 1699.632 Executing VM operation: ParallelGCFailedAllocation done
Event: 1699.632 Executing VM operation: ParallelGCFailedAllocation
Event: 1702.151 Executing VM operation: ParallelGCFailedAllocation done
Event: 1702.153 Executing VM operation: ParallelGCFailedAllocation
Event: 1704.635 Executing VM operation: ParallelGCFailedAllocation done
Event: 1704.636 Executing VM operation: ParallelGCFailedAllocation
Event: 1709.593 Executing VM operation: ParallelGCFailedAllocation done

Events (20 events):
Event: 512.004 Thread 0x00007fc55814ff70 Thread added: 0x00007fc55814ff70
Event: 512.004 Protecting memory [0x00007fc5b0100000,0x00007fc5b0104000] with protection modes 0
Event: 872.400 Thread 0x00007fc55814e6f0 Thread added: 0x00007fc55814e6f0
Event: 872.400 Protecting memory [0x00007fc57a500000,0x00007fc57a504000] with protection modes 0
Event: 899.189 Thread 0x00007fc55814e6f0 Thread exited: 0x00007fc55814e6f0
Event: 964.977 Thread 0x00007fc55814e6f0 Thread added: 0x00007fc55814e6f0
Event: 964.977 Protecting memory [0x00007fc57a500000,0x00007fc57a504000] with protection modes 0
Event: 1179.631 Thread 0x00007fc55814ff70 Thread exited: 0x00007fc55814ff70
Event: 1197.900 loading class java/net/UnknownServiceException
Event: 1284.381 loading class java/net/UnknownServiceException done
Event: 1284.381 loading class javax/xml/parsers/ParserConfigurationException
Event: 1284.382 loading class javax/xml/parsers/ParserConfigurationException done
Event: 1302.844 loading class javax/xml/transform/TransformerException
Event: 1302.844 loading class javax/xml/transform/TransformerException done
Event: 1332.582 loading class java/lang/AssertionError
Event: 1332.583 loading class java/lang/AssertionError done
Event: 1542.647 loading class java/lang/Throwable$WrappedPrintStream
Event: 1542.647 loading class java/lang/Throwable$WrappedPrintStream done
Event: 1542.647 Thread 0x00007fc548001ca0 Thread exited: 0x00007fc548001ca0
Event: 1622.032 Thread 0x00007fc530000ff0 Thread exited: 0x00007fc530000ff0


Dynamic libraries:
e0000000-f4680000 rw-p 00000000 00:00 0 
f4680000-fee00000 rw-p 00000000 00:00 0 
fee00000-100000000 ---p 00000000 00:00 0 
800000000-800449000 rw-p 00001000 08:30 707969865                        /nix/store/gpxl5qgg8kicmcvivwmybwjlpf7wh20l-graalvm17-ce-22.3.0/lib/server/classes.jsa
800449000-800bc8000 r--p 0044a000 08:30 707969865                        /nix/store/gpxl5qgg8kicmcvivwmybwjlpf7wh20l-graalvm17-ce-22.3.0/lib/server/classes.jsa
800bc8000-800c00000 ---p 00000000 00:00 0 
800c00000-800c10000 rw-p 00000000 00:00 0 
800c10000-800c30000 rw-p 00000000 00:00 0 
800c30000-800cb0000 rw-p 00000000 00:00 0 
800cb0000-800cf0000 rw-p 00000000 00:00 0 
800cf0000-800db0000 rw-p 00000000 00:00 0 
800db0000-800df0000 rw-p 00000000 00:00 0 
800df0000-800f30000 rw-p 00000000 00:00 0 
800f30000-800fb0000 rw-p 00000000 00:00 0 
800fb0000-800ff0000 rw-p 00000000 00:00 0 
800ff0000-801240000 rw-p 00000000 00:00 0 
801240000-840c00000 ---p 00000000 00:00 0 
563bbd673000-563bbd674000 r-xp 00000000 08:30 672029940                  /nix/store/gpxl5qgg8kicmcvivwmybwjlpf7wh20l-graalvm17-ce-22.3.0/bin/.java-wrapped
563bbd675000-563bbd676000 r--p 00001000 08:30 672029940                  /nix/store/gpxl5qgg8kicmcvivwmybwjlpf7wh20l-graalvm17-ce-22.3.0/bin/.java-wrapped
563bbd676000-563bbd677000 rw-p 00002000 08:30 672029940                  /nix/store/gpxl5qgg8kicmcvivwmybwjlpf7wh20l-graalvm17-ce-22.3.0/bin/.java-wrapped
563bbd677000-563bbd678000 rw-p 00004000 08:30 672029940                  /nix/store/gpxl5qgg8kicmcvivwmybwjlpf7wh20l-graalvm17-ce-22.3.0/bin/.java-wrapped
563bbd678000-563bbd679000 rw-p 00005000 08:30 672029940                  /nix/store/gpxl5qgg8kicmcvivwmybwjlpf7wh20l-graalvm17-ce-22.3.0/bin/.java-wrapped
563bbe5b0000-563bbe5f8000 rw-p 00000000 00:00 0                          [heap]
7fc4f8000000-7fc4f8021000 rw-p 00000000 00:00 0 
7fc4f8021000-7fc4fc000000 ---p 00000000 00:00 0 
7fc4fc000000-7fc4fc021000 rw-p 00000000 00:00 0 
7fc4fc021000-7fc500000000 ---p 00000000 00:00 0 
7fc500000000-7fc500021000 rw-p 00000000 00:00 0 
7fc500021000-7fc504000000 ---p 00000000 00:00 0 
7fc504000000-7fc504021000 rw-p 00000000 00:00 0 
7fc504021000-7fc508000000 ---p 00000000 00:00 0 
7fc508000000-7fc508021000 rw-p 00000000 00:00 0 
7fc508021000-7fc50c000000 ---p 00000000 00:00 0 
7fc50c000000-7fc50c021000 rw-p 00000000 00:00 0 
7fc50c021000-7fc510000000 ---p 00000000 00:00 0 
7fc510000000-7fc510021000 rw-p 00000000 00:00 0 
7fc510021000-7fc514000000 ---p 00000000 00:00 0 
7fc514000000-7fc514021000 rw-p 00000000 00:00 0 
7fc514021000-7fc518000000 ---p 00000000 00:00 0 
7fc518000000-7fc518078000 rw-p 00000000 00:00 0 
7fc518078000-7fc51c000000 ---p 00000000 00:00 0 
7fc51c000000-7fc51c021000 rw-p 00000000 00:00 0 
7fc51c021000-7fc520000000 ---p 00000000 00:00 0 
7fc520000000-7fc52004f000 rw-p 00000000 00:00 0 
7fc52004f000-7fc524000000 ---p 00000000 00:00 0 
7fc524a00000-7fc524b00000 ---p 00000000 00:00 0 
7fc524b00000-7fc5250af000 r--p 01122000 08:30 707802136                  /nix/store/gpxl5qgg8kicmcvivwmybwjlpf7wh20l-graalvm17-ce-22.3.0/lib/libjvmcicompiler.so
7fc5250af000-7fc525200000 r--p 00000000 00:00 0 
7fc525200000-7fc52523d000 rw-p 00000000 00:00 0 
7fc52523d000-7fc52575d000 rw-p 0185f000 08:30 707802136                  /nix/store/gpxl5qgg8kicmcvivwmybwjlpf7wh20l-graalvm17-ce-22.3.0/lib/libjvmcicompiler.so
7fc52575d000-7fc525b44000 r--p 01d7f000 08:30 707802136                  /nix/store/gpxl5qgg8kicmcvivwmybwjlpf7wh20l-graalvm17-ce-22.3.0/lib/libjvmcicompiler.so
7fc525c00000-7fc526140000 rw-p 00000000 00:00 0 
7fc526140000-7fc526200000 ---p 00000000 00:00 0 
7fc526200000-7fc526270000 rw-p 00000000 00:00 0 
7fc526270000-7fc526340000 rw-p 00000000 00:00 0 
7fc526340000-7fc526400000 ---p 00000000 00:00 0 
7fc5264b3000-7fc530000000 r--s 00000000 08:30 707804677                  /nix/store/gpxl5qgg8kicmcvivwmybwjlpf7wh20l-graalvm17-ce-22.3.0/lib/modules
7fc530000000-7fc530039000 rw-p 00000000 00:00 0 
7fc530039000-7fc534000000 ---p 00000000 00:00 0 
7fc534000000-7fc534021000 rw-p 00000000 00:00 0 
7fc534021000-7fc538000000 ---p 00000000 00:00 0 
7fc538000000-7fc538157000 rw-p 00000000 00:00 0 
7fc538157000-7fc53c000000 ---p 00000000 00:00 0 
7fc53c000000-7fc53c45a000 rw-p 00000000 00:00 0 
7fc53c45a000-7fc540000000 ---p 00000000 00:00 0 
7fc540000000-7fc540021000 rw-p 00000000 00:00 0 
7fc540021000-7fc544000000 ---p 00000000 00:00 0 
7fc544000000-7fc544021000 rw-p 00000000 00:00 0 
7fc544021000-7fc548000000 ---p 00000000 00:00 0 
7fc548000000-7fc548318000 rw-p 00000000 00:00 0 
7fc548318000-7fc54c000000 ---p 00000000 00:00 0 
7fc54c000000-7fc54c090000 rw-p 00000000 00:00 0 
7fc54c090000-7fc550000000 ---p 00000000 00:00 0 
7fc550000000-7fc550021000 rw-p 00000000 00:00 0 
7fc550021000-7fc554000000 ---p 00000000 00:00 0 
7fc554000000-7fc554125000 rw-p 00000000 00:00 0 
7fc554125000-7fc558000000 ---p 00000000 00:00 0 
7fc558000000-7fc558162000 rw-p 00000000 00:00 0 
7fc558162000-7fc55c000000 ---p 00000000 00:00 0 
7fc55c000000-7fc55c021000 rw-p 00000000 00:00 0 
7fc55c021000-7fc560000000 ---p 00000000 00:00 0 
7fc560c00000-7fc560cf0000 rw-p 00000000 00:00 0 
7fc560cf0000-7fc560df0000 rw-p 00000000 00:00 0 
7fc560df0000-7fc561110000 rw-p 00000000 00:00 0 
7fc561110000-7fc5613f0000 rw-p 00000000 00:00 0 
7fc5613f0000-7fc5619f0000 rw-p 00000000 00:00 0 
7fc5619f0000-7fc561bf0000 rw-p 00000000 00:00 0 
7fc561bf0000-7fc561c70000 rw-p 00000000 00:00 0 
7fc561c70000-7fc561cf0000 rw-p 00000000 00:00 0 
7fc561cf0000-7fc561ef0000 rw-p 00000000 00:00 0 
7fc561ef0000-7fc5620f0000 rw-p 00000000 00:00 0 
7fc5620f0000-7fc5621f0000 rw-p 00000000 00:00 0 
7fc5621f0000-7fc562400000 rw-p 00000000 00:00 0 
7fc563000000-7fc5630f0000 rw-p 00000000 00:00 0 
7fc5630f0000-7fc5631f0000 rw-p 00000000 00:00 0 
7fc5631f0000-7fc563770000 rw-p 00000000 00:00 0 
7fc563770000-7fc5637f0000 rw-p 00000000 00:00 0 
7fc5637f0000-7fc5638f0000 rw-p 00000000 00:00 0 
7fc5638f0000-7fc5639f0000 rw-p 00000000 00:00 0 
7fc5639f0000-7fc563f30000 rw-p 00000000 00:00 0 
7fc563f30000-7fc563f70000 rw-p 00000000 00:00 0 
7fc563f70000-7fc564000000 rw-p 00000000 00:00 0 
7fc564000000-7fc564021000 rw-p 00000000 00:00 0 
7fc564021000-7fc568000000 ---p 00000000 00:00 0 
7fc568000000-7fc5688eb000 rw-p 00000000 00:00 0 
7fc5688eb000-7fc56c000000 ---p 00000000 00:00 0 
7fc56c000000-7fc56c021000 rw-p 00000000 00:00 0 
7fc56c021000-7fc570000000 ---p 00000000 00:00 0 
7fc570000000-7fc570026000 rw-p 00000000 00:00 0 
7fc570026000-7fc574000000 ---p 00000000 00:00 0 
7fc574000000-7fc5740c8000 rw-p 00000000 00:00 0 
7fc5740c8000-7fc578000000 ---p 00000000 00:00 0 
7fc578400000-7fc578410000 r-xp 00000000 00:8ae 310                       /home/runner/CostlyBurlywoodMozbot/.cache/jdt-language-server/config/org.eclipse.equinox.launcher/org.eclipse.equinox.launcher.gtk.linux.x86_64_1.2.400.v20211117-0650/eclipse_11600.so
7fc578410000-7fc57860f000 ---p 00010000 00:8ae 310                       /home/runner/CostlyBurlywoodMozbot/.cache/jdt-language-server/config/org.eclipse.equinox.launcher/org.eclipse.equinox.launcher.gtk.linux.x86_64_1.2.400.v20211117-0650/eclipse_11600.so
7fc57860f000-7fc578610000 r--p 0000f000 00:8ae 310                       /home/runner/CostlyBurlywoodMozbot/.cache/jdt-language-server/config/org.eclipse.equinox.launcher/org.eclipse.equinox.launcher.gtk.linux.x86_64_1.2.400.v20211117-0650/eclipse_11600.so
7fc578610000-7fc578611000 rw-p 00010000 00:8ae 310                       /home/runner/CostlyBurlywoodMozbot/.cache/jdt-language-server/config/org.eclipse.equinox.launcher/org.eclipse.equinox.launcher.gtk.linux.x86_64_1.2.400.v20211117-0650/eclipse_11600.so
7fc579500000-7fc579504000 ---p 00000000 00:00 0 
7fc579504000-7fc579600000 rw-p 00000000 00:00 0 
7fc579700000-7fc579704000 ---p 00000000 00:00 0 
7fc579704000-7fc579800000 rw-p 00000000 00:00 0 
7fc579900000-7fc579904000 ---p 00000000 00:00 0 
7fc579904000-7fc579a00000 rw-p 00000000 00:00 0 
7fc579b00000-7fc579b04000 ---p 00000000 00:00 0 
7fc579b04000-7fc579c00000 rw-p 00000000 00:00 0 
7fc579d00000-7fc579d04000 ---p 00000000 00:00 0 
7fc579d04000-7fc579e00000 rw-p 00000000 00:00 0 
7fc579f00000-7fc579f04000 ---p 00000000 00:00 0 
7fc579f04000-7fc57a000000 rw-p 00000000 00:00 0 
7fc57a100000-7fc57a104000 ---p 00000000 00:00 0 
7fc57a104000-7fc57a200000 rw-p 00000000 00:00 0 
7fc57a300000-7fc57a304000 ---p 00000000 00:00 0 
7fc57a304000-7fc57a400000 rw-p 00000000 00:00 0 
7fc57a400000-7fc57a404000 ---p 00000000 00:00 0 
7fc57a404000-7fc57a500000 rw-p 00000000 00:00 0 
7fc57a500000-7fc57a504000 ---p 00000000 00:00 0 
7fc57a504000-7fc57a600000 rw-p 00000000 00:00 0 
7fc57a600000-7fc57a604000 ---p 00000000 00:00 0 
7fc57a604000-7fc57a700000 rw-p 00000000 00:00 0 
7fc57a700000-7fc57a704000 ---p 00000000 00:00 0 
7fc57a704000-7fc57a800000 rw-p 00000000 00:00 0 
7fc57a900000-7fc57a904000 ---p 00000000 00:00 0 
7fc57a904000-7fc57aa00000 rw-p 00000000 00:00 0 
7fc57aa00000-7fc57aa04000 ---p 00000000 00:00 0 
7fc57aa04000-7fc57ab00000 rw-p 00000000 00:00 0 
7fc57ab00000-7fc57ab04000 ---p 00000000 00:00 0 
7fc57ab04000-7fc57ac00000 rw-p 00000000 00:00 0 
7fc57ad00000-7fc57ad04000 ---p 00000000 00:00 0 
7fc57ad04000-7fc57ae00000 rw-p 00000000 00:00 0 
7fc57ba68000-7fc57bf00000 rw-p 00000000 00:00 0 
7fc57c000000-7fc57c021000 rw-p 00000000 00:00 0 
7fc57c021000-7fc580000000 ---p 00000000 00:00 0 
7fc580000000-7fc580021000 rw-p 00000000 00:00 0 
7fc580021000-7fc584000000 ---p 00000000 00:00 0 
7fc584000000-7fc584021000 rw-p 00000000 00:00 0 
7fc584021000-7fc588000000 ---p 00000000 00:00 0 
7fc588000000-7fc588021000 rw-p 00000000 00:00 0 
7fc588021000-7fc58c000000 ---p 00000000 00:00 0 
7fc58c000000-7fc58c0e8000 rw-p 00000000 00:00 0 
7fc58c0e8000-7fc590000000 ---p 00000000 00:00 0 
7fc590000000-7fc590b81000 rw-p 00000000 00:00 0 
7fc590b81000-7fc594000000 ---p 00000000 00:00 0 
7fc594000000-7fc594021000 rw-p 00000000 00:00 0 
7fc594021000-7fc598000000 ---p 00000000 00:00 0 
7fc598000000-7fc598021000 rw-p 00000000 00:00 0 
7fc598021000-7fc59c000000 ---p 00000000 00:00 0 
7fc59c000000-7fc59c021000 rw-p 00000000 00:00 0 
7fc59c021000-7fc5a0000000 ---p 00000000 00:00 0 
7fc5a0000000-7fc5a0021000 rw-p 00000000 00:00 0 
7fc5a0021000-7fc5a4000000 ---p 00000000 00:00 0 
7fc5a4000000-7fc5a402d000 rw-p 00000000 00:00 0 
7fc5a402d000-7fc5a8000000 ---p 00000000 00:00 0 
7fc5a8000000-7fc5a8021000 rw-p 00000000 00:00 0 
7fc5a8021000-7fc5ac000000 ---p 00000000 00:00 0 
7fc5ac000000-7fc5ac06e000 rw-p 00000000 00:00 0 
7fc5ac06e000-7fc5b0000000 ---p 00000000 00:00 0 
7fc5b0100000-7fc5b0104000 ---p 00000000 00:00 0 
7fc5b0104000-7fc5b0200000 rw-p 00000000 00:00 0 
7fc5b0200000-7fc5b0204000 ---p 00000000 00:00 0 
7fc5b0204000-7fc5b0300000 rw-p 00000000 00:00 0 
7fc5b0300000-7fc5b0304000 ---p 00000000 00:00 0 
7fc5b0304000-7fc5b0400000 rw-p 00000000 00:00 0 
7fc5b0500000-7fc5b0504000 ---p 00000000 00:00 0 
7fc5b0504000-7fc5b0600000 rw-p 00000000 00:00 0 
7fc5b0700000-7fc5b0704000 ---p 00000000 00:00 0 
7fc5b0704000-7fc5b0800000 rw-p 00000000 00:00 0 
7fc5b0800000-7fc5b0804000 ---p 00000000 00:00 0 
7fc5b0804000-7fc5b0900000 rw-p 00000000 00:00 0 
7fc5b0900000-7fc5b0904000 ---p 00000000 00:00 0 
7fc5b0904000-7fc5b0a00000 rw-p 00000000 00:00 0 
7fc5b0b00000-7fc5b0b04000 ---p 00000000 00:00 0 
7fc5b0b04000-7fc5b0c00000 rw-p 00000000 00:00 0 
7fc5b0c00000-7fc5b0c04000 ---p 00000000 00:00 0 
7fc5b0c04000-7fc5b0d00000 rw-p 00000000 00:00 0 
7fc5b0d00000-7fc5b0d04000 ---p 00000000 00:00 0 
7fc5b0d04000-7fc5b0e00000 rw-p 00000000 00:00 0 
7fc5b0f00000-7fc5b0f04000 ---p 00000000 00:00 0 
7fc5b0f04000-7fc5b1000000 rw-p 00000000 00:00 0 
7fc5b1000000-7fc5b316a000 r-xp 00000000 08:30 707802136                  /nix/store/gpxl5qgg8kicmcvivwmybwjlpf7wh20l-graalvm17-ce-22.3.0/lib/libjvmcicompiler.so
7fc5b316a000-7fc5b3369000 ---p 0216a000 08:30 707802136                  /nix/store/gpxl5qgg8kicmcvivwmybwjlpf7wh20l-graalvm17-ce-22.3.0/lib/libjvmcicompiler.so
7fc5b3369000-7fc5b336a000 r--p 02169000 08:30 707802136                  /nix/store/gpxl5qgg8kicmcvivwmybwjlpf7wh20l-graalvm17-ce-22.3.0/lib/libjvmcicompiler.so
7fc5b336a000-7fc5b336c000 rw-p 0216a000 08:30 707802136                  /nix/store/gpxl5qgg8kicmcvivwmybwjlpf7wh20l-graalvm17-ce-22.3.0/lib/libjvmcicompiler.so
7fc5b336c000-7fc5b336d000 rw-p 00000000 00:00 0 
7fc5b336d000-7fc5b3372000 rw-p 023c3000 08:30 707802136                  /nix/store/gpxl5qgg8kicmcvivwmybwjlpf7wh20l-graalvm17-ce-22.3.0/lib/libjvmcicompiler.so
7fc5b33b3000-7fc5b33b7000 ---p 00000000 00:00 0 
7fc5b33b7000-7fc5b34b3000 rw-p 00000000 00:00 0 
7fc5b34b3000-7fc5b3723000 rwxp 00000000 00:00 0 
7fc5b3723000-7fc5b3a42000 ---p 00000000 00:00 0 
7fc5b3a42000-7fc5b4d12000 rwxp 00000000 00:00 0 
7fc5b4d12000-7fc5baf7a000 ---p 00000000 00:00 0 
7fc5baf7a000-7fc5bb24a000 rwxp 00000000 00:00 0 
7fc5bb24a000-7fc5c24b3000 ---p 00000000 00:00 0 
7fc5c24b3000-7fc5cc000000 r--s 00000000 08:30 707804677                  /nix/store/gpxl5qgg8kicmcvivwmybwjlpf7wh20l-graalvm17-ce-22.3.0/lib/modules
7fc5cc000000-7fc5cc439000 rw-p 00000000 00:00 0 
7fc5cc439000-7fc5d0000000 ---p 00000000 00:00 0 
7fc5d0018000-7fc5d0019000 ---p 00000000 00:00 0 
7fc5d0019000-7fc5d011a000 rw-p 00000000 00:00 0 
7fc5d011a000-7fc5d011e000 ---p 00000000 00:00 0 
7fc5d011e000-7fc5d021a000 rw-p 00000000 00:00 0 
7fc5d021a000-7fc5d021e000 ---p 00000000 00:00 0 
7fc5d021e000-7fc5d031a000 rw-p 00000000 00:00 0 
7fc5d031a000-7fc5d031e000 ---p 00000000 00:00 0 
7fc5d031e000-7fc5d041a000 rw-p 00000000 00:00 0 
7fc5d041a000-7fc5d041e000 ---p 00000000 00:00 0 
7fc5d041e000-7fc5d061a000 rw-p 00000000 00:00 0 
7fc5d061a000-7fc5d061e000 ---p 00000000 00:00 0 
7fc5d061e000-7fc5d081a000 rw-p 00000000 00:00 0 
7fc5d081a000-7fc5d081e000 ---p 00000000 00:00 0 
7fc5d081e000-7fc5d091a000 rw-p 00000000 00:00 0 
7fc5d091a000-7fc5d091e000 ---p 00000000 00:00 0 
7fc5d091e000-7fc5d0a1a000 rw-p 00000000 00:00 0 
7fc5d0a1a000-7fc5d0a1e000 ---p 00000000 00:00 0 
7fc5d0a1e000-7fc5d0b1a000 rw-p 00000000 00:00 0 
7fc5d0b1a000-7fc5d0e00000 r--p 00000000 fc:00 28444448                   /usr/lib/locale/locale-archive
7fc5d0e00000-7fc5d0e04000 ---p 00000000 00:00 0 
7fc5d0e04000-7fc5d0f00000 rw-p 00000000 00:00 0 
7fc5d0f00000-7fc5d0f04000 ---p 00000000 00:00 0 
7fc5d0f04000-7fc5d13f0000 rw-p 00000000 00:00 0 
7fc5d13f0000-7fc5d16f0000 rw-p 00000000 00:00 0 
7fc5d16f0000-7fc5d1800000 rw-p 00000000 00:00 0 
7fc5d184a000-7fc5d184c000 r-xp 00000000 08:30 707802113                  /nix/store/gpxl5qgg8kicmcvivwmybwjlpf7wh20l-graalvm17-ce-22.3.0/lib/libextnet.so
7fc5d184c000-7fc5d184d000 r--p 00001000 08:30 707802113                  /nix/store/gpxl5qgg8kicmcvivwmybwjlpf7wh20l-graalvm17-ce-22.3.0/lib/libextnet.so
7fc5d184d000-7fc5d184e000 rw-p 00002000 08:30 707802113                  /nix/store/gpxl5qgg8kicmcvivwmybwjlpf7wh20l-graalvm17-ce-22.3.0/lib/libextnet.so
7fc5d184e000-7fc5d184f000 rw-p 00004000 08:30 707802113                  /nix/store/gpxl5qgg8kicmcvivwmybwjlpf7wh20l-graalvm17-ce-22.3.0/lib/libextnet.so
7fc5d184f000-7fc5d1853000 ---p 00000000 00:00 0 
7fc5d1853000-7fc5d1871000 rw-p 00000000 00:00 0 
7fc5d1871000-7fc5d1878000 r-xp 00000000 08:30 707804676                  /nix/store/gpxl5qgg8kicmcvivwmybwjlpf7wh20l-graalvm17-ce-22.3.0/lib/libzip.so
7fc5d1878000-7fc5d1879000 ---p 00007000 08:30 707804676                  /nix/store/gpxl5qgg8kicmcvivwmybwjlpf7wh20l-graalvm17-ce-22.3.0/lib/libzip.so
7fc5d1879000-7fc5d187a000 r--p 00007000 08:30 707804676                  /nix/store/gpxl5qgg8kicmcvivwmybwjlpf7wh20l-graalvm17-ce-22.3.0/lib/libzip.so
7fc5d187a000-7fc5d187b000 rw-p 00008000 08:30 707804676                  /nix/store/gpxl5qgg8kicmcvivwmybwjlpf7wh20l-graalvm17-ce-22.3.0/lib/libzip.so
7fc5d187b000-7fc5d187d000 rw-p 0000b000 08:30 707804676                  /nix/store/gpxl5qgg8kicmcvivwmybwjlpf7wh20l-graalvm17-ce-22.3.0/lib/libzip.so
7fc5d187d000-7fc5d1892000 r-xp 00000000 08:30 707804666                  /nix/store/gpxl5qgg8kicmcvivwmybwjlpf7wh20l-graalvm17-ce-22.3.0/lib/libnet.so
7fc5d1892000-7fc5d1893000 ---p 00015000 08:30 707804666                  /nix/store/gpxl5qgg8kicmcvivwmybwjlpf7wh20l-graalvm17-ce-22.3.0/lib/libnet.so
7fc5d1893000-7fc5d1894000 r--p 00015000 08:30 707804666                  /nix/store/gpxl5qgg8kicmcvivwmybwjlpf7wh20l-graalvm17-ce-22.3.0/lib/libnet.so
7fc5d1894000-7fc5d1895000 rw-p 00016000 08:30 707804666                  /nix/store/gpxl5qgg8kicmcvivwmybwjlpf7wh20l-graalvm17-ce-22.3.0/lib/libnet.so
7fc5d1895000-7fc5d1898000 rw-p 0001b000 08:30 707804666                  /nix/store/gpxl5qgg8kicmcvivwmybwjlpf7wh20l-graalvm17-ce-22.3.0/lib/libnet.so
7fc5d1898000-7fc5d18ab000 r-xp 00000000 08:30 707804667                  /nix/store/gpxl5qgg8kicmcvivwmybwjlpf7wh20l-graalvm17-ce-22.3.0/lib/libnio.so
7fc5d18ab000-7fc5d18ac000 r--p 00012000 08:30 707804667                  /nix/store/gpxl5qgg8kicmcvivwmybwjlpf7wh20l-graalvm17-ce-22.3.0/lib/libnio.so
7fc5d18ac000-7fc5d18ad000 rw-p 00013000 08:30 707804667                  /nix/store/gpxl5qgg8kicmcvivwmybwjlpf7wh20l-graalvm17-ce-22.3.0/lib/libnio.so
7fc5d18ad000-7fc5d18b2000 rw-p 00019000 08:30 707804667                  /nix/store/gpxl5qgg8kicmcvivwmybwjlpf7wh20l-graalvm17-ce-22.3.0/lib/libnio.so
7fc5d18b2000-7fc5d18b3000 ---p 00000000 00:00 0 
7fc5d18b3000-7fc5d19b4000 rw-p 00000000 00:00 0 
7fc5d19b4000-7fc5d1a82000 r-xp 00000000 08:30 707802132                  /nix/store/gpxl5qgg8kicmcvivwmybwjlpf7wh20l-graalvm17-ce-22.3.0/lib/libjsvml.so
7fc5d1a82000-7fc5d1a83000 r--p 000cd000 08:30 707802132                  /nix/store/gpxl5qgg8kicmcvivwmybwjlpf7wh20l-graalvm17-ce-22.3.0/lib/libjsvml.so
7fc5d1a83000-7fc5d1a84000 rw-p 000ce000 08:30 707802132                  /nix/store/gpxl5qgg8kicmcvivwmybwjlpf7wh20l-graalvm17-ce-22.3.0/lib/libjsvml.so
7fc5d1a84000-7fc5d335c000 rw-p 00000000 00:00 0 
7fc5d335c000-7fc5d335d000 ---p 00000000 00:00 0 
7fc5d335d000-7fc5d3502000 rw-p 00000000 00:00 0 
7fc5d3502000-7fc5d3555000 rw-p 00000000 00:00 0 
7fc5d3555000-7fc5d355e000 ---p 00000000 00:00 0 
7fc5d355e000-7fc5d3565000 rw-p 00000000 00:00 0 
7fc5d3565000-7fc5d364a000 ---p 00000000 00:00 0 
7fc5d364a000-7fc5d3670000 rw-p 00000000 00:00 0 
7fc5d3670000-7fc5d3735000 ---p 00000000 00:00 0 
7fc5d3735000-7fc5d373a000 rw-p 00000000 00:00 0 
7fc5d373a000-7fc5d3741000 ---p 00000000 00:00 0 
7fc5d3741000-7fc5d3765000 r-xp 00000000 08:30 707802124                  /nix/store/gpxl5qgg8kicmcvivwmybwjlpf7wh20l-graalvm17-ce-22.3.0/lib/libjava.so
7fc5d3765000-7fc5d3766000 ---p 00024000 08:30 707802124                  /nix/store/gpxl5qgg8kicmcvivwmybwjlpf7wh20l-graalvm17-ce-22.3.0/lib/libjava.so
7fc5d3766000-7fc5d3767000 r--p 00024000 08:30 707802124                  /nix/store/gpxl5qgg8kicmcvivwmybwjlpf7wh20l-graalvm17-ce-22.3.0/lib/libjava.so
7fc5d3767000-7fc5d3768000 rw-p 00025000 08:30 707802124                  /nix/store/gpxl5qgg8kicmcvivwmybwjlpf7wh20l-graalvm17-ce-22.3.0/lib/libjava.so
7fc5d3768000-7fc5d3769000 rw-p 00000000 00:00 0 
7fc5d3769000-7fc5d3770000 rw-p 0002f000 08:30 707802124                  /nix/store/gpxl5qgg8kicmcvivwmybwjlpf7wh20l-graalvm17-ce-22.3.0/lib/libjava.so
7fc5d3770000-7fc5d3778000 rw-s 00000000 00:583 442                       /tmp/hsperfdata_runner/92
7fc5d3778000-7fc5d3779000 ---p 00000000 00:00 0 
7fc5d3779000-7fc5d377a000 r--p 00000000 00:00 0 
7fc5d377a000-7fc5d377b000 rwxp 00000000 00:00 0 
7fc5d377b000-7fc5d3796000 r-xp 00000000 08:30 707802128                  /nix/store/gpxl5qgg8kicmcvivwmybwjlpf7wh20l-graalvm17-ce-22.3.0/lib/libjimage.so
7fc5d3796000-7fc5d3797000 ---p 0001b000 08:30 707802128                  /nix/store/gpxl5qgg8kicmcvivwmybwjlpf7wh20l-graalvm17-ce-22.3.0/lib/libjimage.so
7fc5d3797000-7fc5d3799000 r--p 0001b000 08:30 707802128                  /nix/store/gpxl5qgg8kicmcvivwmybwjlpf7wh20l-graalvm17-ce-22.3.0/lib/libjimage.so
7fc5d3799000-7fc5d379a000 rw-p 0001d000 08:30 707802128                  /nix/store/gpxl5qgg8kicmcvivwmybwjlpf7wh20l-graalvm17-ce-22.3.0/lib/libjimage.so
7fc5d379a000-7fc5d379b000 rw-p 00024000 08:30 707802128                  /nix/store/gpxl5qgg8kicmcvivwmybwjlpf7wh20l-graalvm17-ce-22.3.0/lib/libjimage.so
7fc5d379b000-7fc5d379f000 ---p 00000000 00:00 0 
7fc5d379f000-7fc5d389b000 rw-p 00000000 00:00 0 
7fc5d389b000-7fc5d38a9000 r--p 00000000 08:30 600592023                  /nix/store/4nlgxhb09sdr51nc9hdm8az5b08vzkgx-glibc-2.35-163/lib/libm.so.6
7fc5d38a9000-7fc5d391c000 r-xp 0000e000 08:30 600592023                  /nix/store/4nlgxhb09sdr51nc9hdm8az5b08vzkgx-glibc-2.35-163/lib/libm.so.6
7fc5d391c000-7fc5d3979000 r--p 00081000 08:30 600592023                  /nix/store/4nlgxhb09sdr51nc9hdm8az5b08vzkgx-glibc-2.35-163/lib/libm.so.6
7fc5d3979000-7fc5d397a000 r--p 000dd000 08:30 600592023                  /nix/store/4nlgxhb09sdr51nc9hdm8az5b08vzkgx-glibc-2.35-163/lib/libm.so.6
7fc5d397a000-7fc5d397b000 rw-p 000de000 08:30 600592023                  /nix/store/4nlgxhb09sdr51nc9hdm8az5b08vzkgx-glibc-2.35-163/lib/libm.so.6
7fc5d397b000-7fc5d397c000 r--p 00000000 08:30 600592042                  /nix/store/4nlgxhb09sdr51nc9hdm8az5b08vzkgx-glibc-2.35-163/lib/librt.so.1
7fc5d397c000-7fc5d397d000 r-xp 00001000 08:30 600592042                  /nix/store/4nlgxhb09sdr51nc9hdm8az5b08vzkgx-glibc-2.35-163/lib/librt.so.1
7fc5d397d000-7fc5d397e000 r--p 00002000 08:30 600592042                  /nix/store/4nlgxhb09sdr51nc9hdm8az5b08vzkgx-glibc-2.35-163/lib/librt.so.1
7fc5d397e000-7fc5d397f000 r--p 00002000 08:30 600592042                  /nix/store/4nlgxhb09sdr51nc9hdm8az5b08vzkgx-glibc-2.35-163/lib/librt.so.1
7fc5d397f000-7fc5d3980000 rw-p 00003000 08:30 600592042                  /nix/store/4nlgxhb09sdr51nc9hdm8az5b08vzkgx-glibc-2.35-163/lib/librt.so.1
7fc5d3980000-7fc5d4a93000 r-xp 00000000 08:30 707972962                  /nix/store/gpxl5qgg8kicmcvivwmybwjlpf7wh20l-graalvm17-ce-22.3.0/lib/server/libjvm.so
7fc5d4a93000-7fc5d4a94000 ---p 01113000 08:30 707972962                  /nix/store/gpxl5qgg8kicmcvivwmybwjlpf7wh20l-graalvm17-ce-22.3.0/lib/server/libjvm.so
7fc5d4a94000-7fc5d4b49000 r--p 01113000 08:30 707972962                  /nix/store/gpxl5qgg8kicmcvivwmybwjlpf7wh20l-graalvm17-ce-22.3.0/lib/server/libjvm.so
7fc5d4b49000-7fc5d4b7d000 rw-p 011c8000 08:30 707972962                  /nix/store/gpxl5qgg8kicmcvivwmybwjlpf7wh20l-graalvm17-ce-22.3.0/lib/server/libjvm.so
7fc5d4b7d000-7fc5d4bd9000 rw-p 00000000 00:00 0 
7fc5d4bd9000-7fc5d4c01000 r--p 00000000 08:30 600592014                  /nix/store/4nlgxhb09sdr51nc9hdm8az5b08vzkgx-glibc-2.35-163/lib/libc.so.6
7fc5d4c01000-7fc5d4d77000 r-xp 00028000 08:30 600592014                  /nix/store/4nlgxhb09sdr51nc9hdm8az5b08vzkgx-glibc-2.35-163/lib/libc.so.6
7fc5d4d77000-7fc5d4dcf000 r--p 0019e000 08:30 600592014                  /nix/store/4nlgxhb09sdr51nc9hdm8az5b08vzkgx-glibc-2.35-163/lib/libc.so.6
7fc5d4dcf000-7fc5d4dd3000 r--p 001f6000 08:30 600592014                  /nix/store/4nlgxhb09sdr51nc9hdm8az5b08vzkgx-glibc-2.35-163/lib/libc.so.6
7fc5d4dd3000-7fc5d4dd5000 rw-p 001fa000 08:30 600592014                  /nix/store/4nlgxhb09sdr51nc9hdm8az5b08vzkgx-glibc-2.35-163/lib/libc.so.6
7fc5d4dd5000-7fc5d4de4000 rw-p 00000000 00:00 0 
7fc5d4de4000-7fc5d4de5000 r--p 00000000 08:30 600592019                  /nix/store/4nlgxhb09sdr51nc9hdm8az5b08vzkgx-glibc-2.35-163/lib/libdl.so.2
7fc5d4de5000-7fc5d4de6000 r-xp 00001000 08:30 600592019                  /nix/store/4nlgxhb09sdr51nc9hdm8az5b08vzkgx-glibc-2.35-163/lib/libdl.so.2
7fc5d4de6000-7fc5d4de7000 r--p 00002000 08:30 600592019                  /nix/store/4nlgxhb09sdr51nc9hdm8az5b08vzkgx-glibc-2.35-163/lib/libdl.so.2
7fc5d4de7000-7fc5d4de8000 r--p 00002000 08:30 600592019                  /nix/store/4nlgxhb09sdr51nc9hdm8az5b08vzkgx-glibc-2.35-163/lib/libdl.so.2
7fc5d4de8000-7fc5d4de9000 rw-p 00003000 08:30 600592019                  /nix/store/4nlgxhb09sdr51nc9hdm8az5b08vzkgx-glibc-2.35-163/lib/libdl.so.2
7fc5d4de9000-7fc5d4dea000 r--p 00000000 08:30 600592038                  /nix/store/4nlgxhb09sdr51nc9hdm8az5b08vzkgx-glibc-2.35-163/lib/libpthread.so.0
7fc5d4dea000-7fc5d4deb000 r-xp 00001000 08:30 600592038                  /nix/store/4nlgxhb09sdr51nc9hdm8az5b08vzkgx-glibc-2.35-163/lib/libpthread.so.0
7fc5d4deb000-7fc5d4dec000 r--p 00002000 08:30 600592038                  /nix/store/4nlgxhb09sdr51nc9hdm8az5b08vzkgx-glibc-2.35-163/lib/libpthread.so.0
7fc5d4dec000-7fc5d4ded000 r--p 00002000 08:30 600592038                  /nix/store/4nlgxhb09sdr51nc9hdm8az5b08vzkgx-glibc-2.35-163/lib/libpthread.so.0
7fc5d4ded000-7fc5d4dee000 rw-p 00003000 08:30 600592038                  /nix/store/4nlgxhb09sdr51nc9hdm8az5b08vzkgx-glibc-2.35-163/lib/libpthread.so.0
7fc5d4dee000-7fc5d4dfc000 r-xp 00000000 08:30 707802129                  /nix/store/gpxl5qgg8kicmcvivwmybwjlpf7wh20l-graalvm17-ce-22.3.0/lib/libjli.so
7fc5d4dfc000-7fc5d4dfd000 ---p 0000e000 08:30 707802129                  /nix/store/gpxl5qgg8kicmcvivwmybwjlpf7wh20l-graalvm17-ce-22.3.0/lib/libjli.so
7fc5d4dfd000-7fc5d4dfe000 r--p 0000e000 08:30 707802129                  /nix/store/gpxl5qgg8kicmcvivwmybwjlpf7wh20l-graalvm17-ce-22.3.0/lib/libjli.so
7fc5d4dfe000-7fc5d4dff000 rw-p 0000f000 08:30 707802129                  /nix/store/gpxl5qgg8kicmcvivwmybwjlpf7wh20l-graalvm17-ce-22.3.0/lib/libjli.so
7fc5d4dff000-7fc5d4e00000 rw-p 00012000 08:30 707802129                  /nix/store/gpxl5qgg8kicmcvivwmybwjlpf7wh20l-graalvm17-ce-22.3.0/lib/libjli.so
7fc5d4e00000-7fc5d4e03000 r--p 00000000 08:30 678822167                  /nix/store/026hln0aq1hyshaxsdvhg0kmcm6yf45r-zlib-1.2.13/lib/libz.so.1.2.13
7fc5d4e03000-7fc5d4e15000 r-xp 00003000 08:30 678822167                  /nix/store/026hln0aq1hyshaxsdvhg0kmcm6yf45r-zlib-1.2.13/lib/libz.so.1.2.13
7fc5d4e15000-7fc5d4e1c000 r--p 00015000 08:30 678822167                  /nix/store/026hln0aq1hyshaxsdvhg0kmcm6yf45r-zlib-1.2.13/lib/libz.so.1.2.13
7fc5d4e1c000-7fc5d4e1d000 r--p 0001b000 08:30 678822167                  /nix/store/026hln0aq1hyshaxsdvhg0kmcm6yf45r-zlib-1.2.13/lib/libz.so.1.2.13
7fc5d4e1d000-7fc5d4e1e000 rw-p 0001c000 08:30 678822167                  /nix/store/026hln0aq1hyshaxsdvhg0kmcm6yf45r-zlib-1.2.13/lib/libz.so.1.2.13
7fc5d4e1e000-7fc5d4e20000 rw-p 00000000 00:00 0 
7fc5d4e20000-7fc5d4e22000 r--p 00000000 08:30 600592008                  /nix/store/4nlgxhb09sdr51nc9hdm8az5b08vzkgx-glibc-2.35-163/lib/ld-linux-x86-64.so.2
7fc5d4e22000-7fc5d4e49000 r-xp 00002000 08:30 600592008                  /nix/store/4nlgxhb09sdr51nc9hdm8az5b08vzkgx-glibc-2.35-163/lib/ld-linux-x86-64.so.2
7fc5d4e49000-7fc5d4e55000 r--p 00029000 08:30 600592008                  /nix/store/4nlgxhb09sdr51nc9hdm8az5b08vzkgx-glibc-2.35-163/lib/ld-linux-x86-64.so.2
7fc5d4e55000-7fc5d4e57000 r--p 00034000 08:30 600592008                  /nix/store/4nlgxhb09sdr51nc9hdm8az5b08vzkgx-glibc-2.35-163/lib/ld-linux-x86-64.so.2
7fc5d4e57000-7fc5d4e59000 rw-p 00036000 08:30 600592008                  /nix/store/4nlgxhb09sdr51nc9hdm8az5b08vzkgx-glibc-2.35-163/lib/ld-linux-x86-64.so.2
7ffc3be14000-7ffc3be38000 rw-p 00000000 00:00 0                          [stack]
7ffc3be58000-7ffc3be5c000 r--p 00000000 00:00 0                          [vvar]
7ffc3be5c000-7ffc3be5e000 r-xp 00000000 00:00 0                          [vdso]
ffffffffff600000-ffffffffff601000 --xp 00000000 00:00 0                  [vsyscall]


VM Arguments:
jvm_args: -XX:ThreadPriorityPolicy=1 -XX:+UnlockExperimentalVMOptions -XX:+EnableJVMCIProduct -XX:JVMCIThreadsPerNativeLibraryRuntime=1 -XX:-UnlockExperimentalVMOptions -Declipse.application=org.eclipse.jdt.ls.core.id1 -Dosgi.bundles.defaultStartLevel=4 -Declipse.product=org.eclipse.jdt.ls.core.product -Dlog.level=ALL -Xverify:none -XX:+UseParallelGC -XX:GCTimeRatio=4 -XX:AdaptiveSizePolicyWeight=90 -Dsun.zip.disableMemoryMapping=true -Xmx512m -Xms100m 
java_command: /nix/store/q9712qvwdh22a4krw4jz2sjrz07mvjbl-jdt-language-server-1.9.0/share/java/plugins/org.eclipse.equinox.launcher_1.6.400.v20210924-0641.jar --add-modules=ALL-SYSTEM --add-opens java.base/java.util=ALL-UNNAMED --add-opens java.base/java.lang=ALL-UNNAMED -configuration /home/runner/CostlyBurlywoodMozbot/.cache/jdt-language-server/config -data /home/runner/.cache/jdt-language-server/data/home/runner/CostlyBurlywoodMozbot
java_class_path (initial): /nix/store/q9712qvwdh22a4krw4jz2sjrz07mvjbl-jdt-language-server-1.9.0/share/java/plugins/org.eclipse.equinox.launcher_1.6.400.v20210924-0641.jar
Launcher Type: SUN_STANDARD

[Global flags]
    uintx AdaptiveSizePolicyWeight                 = 90                                        {product} {command line}
     intx CICompilerCount                          = 2                                         {product} {ergonomic}
     bool EnableJVMCIProduct                       = true                                {JVMCI product} {jimage}
    uintx GCTimeRatio                              = 4                                         {product} {command line}
   size_t InitialHeapSize                          = 104857600                                 {product} {command line}
     uint JVMCIThreadsPerNativeLibraryRuntime      = 1                                   {JVMCI product} {jimage}
   size_t MaxHeapSize                              = 536870912                                 {product} {command line}
   size_t MaxNewSize                               = 178782208                                 {product} {ergonomic}
   size_t MinHeapDeltaBytes                        = 524288                                    {product} {ergonomic}
   size_t MinHeapSize                              = 104857600                                 {product} {command line}
   size_t NewSize                                  = 34603008                                  {product} {ergonomic}
    uintx NonNMethodCodeHeapSize                   = 5826188                                {pd product} {ergonomic}
    uintx NonProfiledCodeHeapSize                  = 122916026                              {pd product} {ergonomic}
   size_t OldSize                                  = 70254592                                  {product} {ergonomic}
    uintx ProfiledCodeHeapSize                     = 122916026                              {pd product} {ergonomic}
    uintx ReservedCodeCacheSize                    = 251658240                              {pd product} {ergonomic}
     bool SegmentedCodeCache                       = true                                      {product} {ergonomic}
   size_t SoftMaxHeapSize                          = 536870912                              {manageable} {ergonomic}
     intx ThreadPriorityPolicy                     = 1                                         {product} {jimage}
     bool UseCompressedClassPointers               = true                           {product lp64_product} {ergonomic}
     bool UseCompressedOops                        = true                           {product lp64_product} {ergonomic}
     bool UseParallelGC                            = true                                      {product} {command line}

Logging:
Log output configuration:
 #0: stdout all=warning uptime,level,tags
 #1: stderr all=off uptime,level,tags

Environment Variables:
JAVA_HOME=/nix/store/gpxl5qgg8kicmcvivwmybwjlpf7wh20l-graalvm17-ce-22.3.0
PATH=/nix/store/1d6ian3r8kdzspw8hacjhl3xkp40g1lj-binutils-wrapper-2.39/bin:/nix/store/dq0xwmsk1g0i2ayg6pb7y87na2knzylh-gcc-wrapper-11.3.0/bin:/nix/store/bap4d0lpcrhpwmpb8ayjcgkmvfj62lnq-bash-interactive-5.1-p16/bin:/nix/store/pr5n59mb4jzmfx6kanwxly0l07p861fg-patchelf-0.15.0/bin:/nix/store/1gf2flfqnpqbr1b4p4qz2f72y42bs56r-gcc-11.3.0/bin:/nix/store/57xv61c5zi8pphjbcwxxjlgc34p61ic9-glibc-2.35-163-bin/bin:/nix/store/a7gvj343m05j2s32xcnwr35v31ynlypr-coreutils-9.1/bin:/nix/store/039g378vc3pc3dvi9dzdlrd0i4q93qwf-binutils-2.39/bin:/nix/store/gpxl5qgg8kicmcvivwmybwjlpf7wh20l-graalvm17-ce-22.3.0/bin:/nix/store/6z9ag3ihc8mq2hzsw48lhbznvzny65nz-apache-maven-3.8.6/bin:/nix/store/q9712qvwdh22a4krw4jz2sjrz07mvjbl-jdt-language-server-1.9.0/bin:/nix/store/9zdrgm97n766nc0kj11x4xvvp00qlfk9-java-debug/bin:/nix/store/mydc6f4k2z73xlcz7ilif3v2lcaiqvza-findutils-4.9.0/bin:/nix/store/j9p3g8472iijd50vhdprx0nmk2fqn5gv-diffutils-3.8/bin:/nix/store/89zs7rms6x00xfq4dq6m7mjnhkr8a6r4-gnused-4.8/bin:/nix/store/86bp03jkmsl6f92w0yzg4s59g5mhxwmy-gnugrep-3.7/bin:/nix/store/hwcdqw4jrjnd37wxqgsd47hd0j8bnj09-gawk-5.1.1/bin:/nix/store/cfbhw8r8ags41vwqaz47r583d0p4h4a1-gnutar-1.34/bin:/nix/store/p3m1ndl1lapwrlh698bnb5lvvxh67378-gzip-1.12/bin:/nix/store/a8mhcagrsly7c7mpjrpsnaahk4aax056-bzip2-1.0.8-bin/bin:/nix/store/mblgz65m3zv9x548a3d5m96fj2pbwr09-gnumake-4.3/bin:/nix/store/dsd5gz46hdbdk2rfdimqddhq6m8m8fqs-bash-5.1-p16/bin:/nix/store/v7ljksji50mg3w61dykaa3n3y79n6nil-patch-2.7.6/bin:/nix/store/zlcnmqq14jz5x9439jf937mvayyl63da-xz-5.2.7-bin/bin:/nix/store/y6aj732zm9m87c82fpvf103a1xb22blp-file-5.43/bin:/nix/store/yq0vlv3d2f5si3ibawpq5ay2pc6knixp-nix-2.18.0pre20230808_c0e6466/bin:/nix/store/i4kzir3m7mrisxmf5xvlnkw01x4qaqr4-prybar-elisp-0.0.0-e0d9a52/bin:/nix/store/lwwivxf6h7x3cvxp9zv8sj0mv7dak99r-prybar-lua-0.0.0-e0d9a52/bin:/nix/store/gxj28g1cg4hq3qanmjv07156h800qr58-prybar-python3-0.0.0-e0d9a52/bin:/nix/store/hshkjnxrgidigf8x75vg6lqng2xlx9i3-prybar-sqlite-0.0.0-e0d9a52/bin:/nix/store/c4w01bpjgyy5ixmwdk8m1pw87zq4sl
LD_LIBRARY_PATH=/nix/store/a4pff549sk2idnkpzk5nsfps3mdkdnvm-cups-2.4.2-lib/lib:/nix/store/72mqxxhh3cy5yifh92wh2yb8cl2hikyy-cairo-1.16.0/lib:/nix/store/2k366jrbsra97gjfxwvrhvixjfxdach5-glib-2.74.1/lib:/nix/store/2j2znigd8ak37rlwh9khz0ry3clqlw1l-gtk+3-3.24.34/lib:/nix/store/q4hrphx851xvkcnyyvqqyf1yjgmkmiar-mesa-22.2.3-drivers/lib:/nix/store/cxhib72pd7n3fzl1yh6lrm4q16l42kws-libglvnd-1.5.0/lib:/nix/store/bvihhgw8bh6cqqlj0d4s8cvmm4mqmzfc-pulseaudio-16.1/lib
DISPLAY=:0
LANG=en_US.UTF-8

Signal Handlers:
   SIGSEGV: crash_handler in libjvm.so, mask=11100100010111111101111111111110, flags=SA_RESTART|SA_SIGINFO
    SIGBUS: crash_handler in libjvm.so, mask=11100100010111111101111111111110, flags=SA_RESTART|SA_SIGINFO
    SIGFPE: crash_handler in libjvm.so, mask=11100100010111111101111111111110, flags=SA_RESTART|SA_SIGINFO
   SIGPIPE: IsolateEnterStub_IgnoreSIGPIPEStartupHook_noopSignalHandler_8f19bff2f35b5f630d83b364d6b2339320d4ec70_216e8361c6bc87a8f89f58cc10d3b2fd4415bf87 in libjvmcicompiler.so, mask=00000000000000000000000000000000, flags=SA_RESTART
  *** Handler was modified!
  *** Expected: javaSignalHandler in libjvm.so, mask=11100100110111111111111111111110, flags=SA_RESTART|SA_SIGINFO
   SIGXFSZ: javaSignalHandler in libjvm.so, mask=11100100010111111101111111111110, flags=SA_RESTART|SA_SIGINFO
    SIGILL: crash_handler in libjvm.so, mask=11100100010111111101111111111110, flags=SA_RESTART|SA_SIGINFO
   SIGUSR2: SR_handler in libjvm.so, mask=00000000000000000000000000000000, flags=SA_RESTART|SA_SIGINFO
    SIGHUP: UserHandler in libjvm.so, mask=11100100010111111101111111111110, flags=SA_RESTART|SA_SIGINFO
    SIGINT: UserHandler in libjvm.so, mask=11100100010111111101111111111110, flags=SA_RESTART|SA_SIGINFO
   SIGTERM: UserHandler in libjvm.so, mask=11100100010111111101111111111110, flags=SA_RESTART|SA_SIGINFO
   SIGQUIT: UserHandler in libjvm.so, mask=11100100010111111101111111111110, flags=SA_RESTART|SA_SIGINFO
  *** Handler was modified!
  *** Expected: javaSignalHandler in libjvm.so, mask=11100100110111111111111111111110, flags=SA_RESTART|SA_SIGINFO
   SIGTRAP: crash_handler in libjvm.so, mask=11100100010111111101111111111110, flags=SA_RESTART|SA_SIGINFO


---------------  S Y S T E M  ---------------

OS:
DISTRIB_ID=Ubuntu
DISTRIB_RELEASE=20.04
DISTRIB_CODENAME=focal
DISTRIB_DESCRIPTION="Ubuntu 20.04.2 LTS"
uname: Linux 6.5.0-1013-gcp #13~22.04.1-Ubuntu SMP Wed Jan 24 23:39:40 UTC 2024 x86_64
OS uptime: 0 days 14:20 hours
libc: glibc 2.35 NPTL 2.35 
rlimit (soft/hard): STACK 8192k/infinity , CORE infinity/infinity , NPROC infinity/infinity , NOFILE 5242/5242 , AS infinity/infinity , CPU infinity/infinity , DATA infinity/infinity , FSIZE infinity/infinity , MEMLOCK 8192k/8192k
load average: 16.80 17.06 17.33

/proc/meminfo:
MemTotal:       65835404 kB
MemFree:        35459556 kB
MemAvailable:   45223192 kB
Buffers:         1031104 kB
Cached:          8569344 kB
SwapCached:            0 kB
Active:         21906756 kB
Inactive:        6440476 kB
Active(anon):   15970912 kB
Inactive(anon):  2819984 kB
Active(file):    5935844 kB
Inactive(file):  3620492 kB
Unevictable:       27852 kB
Mlocked:           27852 kB
SwapTotal:             0 kB
SwapFree:              0 kB
Zswap:                 0 kB
Zswapped:              0 kB
Dirty:              3020 kB
Writeback:           100 kB
AnonPages:      18714180 kB
Mapped:          1630976 kB
Shmem:            117180 kB
KReclaimable:     933752 kB
Slab:            1368000 kB
SReclaimable:     933752 kB
SUnreclaim:       434248 kB
KernelStack:      109872 kB
PageTables:       237440 kB
SecPageTables:         0 kB
NFS_Unstable:          0 kB
Bounce:                0 kB
WritebackTmp:          0 kB
CommitLimit:    32917700 kB
Committed_AS:   53232764 kB
VmallocTotal:   34359738367 kB
VmallocUsed:      135100 kB
VmallocChunk:          0 kB
Percpu:            39584 kB
HardwareCorrupted:     0 kB
AnonHugePages:    673792 kB
ShmemHugePages:        0 kB
ShmemPmdMapped:        0 kB
FileHugePages:         0 kB
FilePmdMapped:         0 kB
Unaccepted:            0 kB
HugePages_Total:       0
HugePages_Free:        0
HugePages_Rsvd:        0
HugePages_Surp:        0
Hugepagesize:       2048 kB
Hugetlb:               0 kB
DirectMap4k:      222008 kB
DirectMap2M:    28086272 kB
DirectMap1G:    40894464 kB

/sys/kernel/mm/transparent_hugepage/enabled: always [madvise] never
/sys/kernel/mm/transparent_hugepage/defrag (defrag/compaction efforts parameter): always defer defer+madvise [madvise] never

Process Memory:
Virtual Size: 5122684K (peak: 5154620K)
Resident Set Size: 818788K (peak: 854504K) (anon: 620880K, file: 197908K, shmem: 0K)
Swapped out: 0K
C-Heap outstanding allocations: 41571K, retained: 16196K
glibc malloc tunables: (default)

/proc/sys/kernel/threads-max (system-wide limit on the number of threads): 514277
/proc/sys/vm/max_map_count (maximum number of memory map areas a process may have): 65530
/proc/sys/kernel/pid_max (system-wide limit on number of process identifiers): 4194304

container (cgroup) information:
container_type: cgroupv2
cpu_cpuset_cpus: not supported
cpu_memory_nodes: not supported
active_processor_count: 1
cpu_quota: 50000
cpu_period: 100000
cpu_shares: no shares
memory_limit_in_bytes: 1048576 k
memory_and_swap_limit_in_bytes: unlimited
memory_soft_limit_in_bytes: 524288 k
memory_usage_in_bytes: 678080 k
memory_max_usage_in_bytes: not supported
maximum number of tasks: not supported
current number of tasks: not supported

KVM virtualization detected
Steal ticks since vm start: 2878
Steal ticks percentage since vm start:  0.002

CPU: total 8 (initial active 1) (4 cores per cpu, 2 threads per core) family 6 model 79 stepping 0 microcode 0xffffffff, cx8, cmov, fxsr, ht, mmx, 3dnowpref, sse, sse2, sse3, ssse3, sse4.1, sse4.2, popcnt, lzcnt, tsc, tscinvbit, avx, avx2, aes, erms, clmul, bmi1, bmi2, rtm, adx, fma, vzeroupper, clflush, hv
CPU Model and flags from /proc/cpuinfo:
model name	: Intel(R) Xeon(R) CPU @ 2.20GHz
flags		: fpu vme de pse tsc msr pae mce cx8 apic sep mtrr pge mca cmov pat pse36 clflush mmx fxsr sse sse2 ss ht syscall nx pdpe1gb rdtscp lm constant_tsc rep_good nopl xtopology nonstop_tsc cpuid tsc_known_freq pni pclmulqdq ssse3 fma cx16 pcid sse4_1 sse4_2 x2apic movbe popcnt aes xsave avx f16c rdrand hypervisor lahf_lm abm 3dnowprefetch invpcid_single pti ssbd ibrs ibpb stibp fsgsbase tsc_adjust bmi1 hle avx2 smep bmi2 erms invpcid rtm rdseed adx smap xsaveopt arat md_clear arch_capabilities

Online cpus: 0-7
Offline cpus: 
BIOS frequency limitation: <Not Available>
Frequency switch latency (ns): <Not Available>
Available cpu frequencies: <Not Available>
Current governor: <Not Available>
Core performance/turbo boost: <Not Available>

Memory: 4k page, physical 1048576k(370484k free), swap 0k(0k free)
Page Sizes: 4k

vm_info: OpenJDK 64-Bit Server VM (17.0.5+8-jvmci-22.3-b08) for linux-amd64 JRE (17.0.5+8-jvmci-22.3-b08), built on Oct 19 2022 09:01:27 by "buildslave" with gcc 10.3.0

END.
